TN:
SF:/Users/katmel98/devel/@training/nodejs/node-chat-app/playground/time.js
FNF:0
FNH:0
DA:1,0
DA:5,0
DA:6,0
DA:7,0
LF:4
LH:0
BRF:0
BRH:0
end_of_record
TN:
SF:/Users/katmel98/devel/@training/nodejs/node-chat-app/public/js/chat.js
FN:3,scrollToBottom
FN:21,(anonymous_1)
FN:24,(anonymous_2)
FN:35,(anonymous_3)
FN:39,(anonymous_4)
FN:43,(anonymous_5)
FN:56,(anonymous_6)
FN:69,(anonymous_7)
FN:76,(anonymous_8)
FN:83,(anonymous_9)
FN:90,(anonymous_10)
FN:96,(anonymous_11)
FNF:12
FNH:0
FNDA:0,scrollToBottom
FNDA:0,(anonymous_1)
FNDA:0,(anonymous_2)
FNDA:0,(anonymous_3)
FNDA:0,(anonymous_4)
FNDA:0,(anonymous_5)
FNDA:0,(anonymous_6)
FNDA:0,(anonymous_7)
FNDA:0,(anonymous_8)
FNDA:0,(anonymous_9)
FNDA:0,(anonymous_10)
FNDA:0,(anonymous_11)
DA:1,0
DA:5,0
DA:6,0
DA:9,0
DA:10,0
DA:11,0
DA:12,0
DA:13,0
DA:15,0
DA:16,0
DA:21,0
DA:22,0
DA:24,0
DA:25,0
DA:26,0
DA:27,0
DA:29,0
DA:35,0
DA:36,0
DA:39,0
DA:40,0
DA:43,0
DA:44,0
DA:45,0
DA:46,0
DA:52,0
DA:53,0
DA:56,0
DA:57,0
DA:58,0
DA:59,0
DA:65,0
DA:66,0
DA:69,0
DA:70,0
DA:72,0
DA:73,0
DA:77,0
DA:81,0
DA:83,0
DA:84,0
DA:85,0
DA:88,0
DA:90,0
DA:91,0
DA:92,0
DA:97,0
DA:98,0
LF:48
LH:0
BRDA:15,0,0,0
BRDA:15,0,1,0
BRDA:25,1,0,0
BRDA:25,1,1,0
BRDA:84,2,0,0
BRDA:84,2,1,0
BRF:6
BRH:0
end_of_record
TN:
SF:/Users/katmel98/devel/@training/nodejs/node-chat-app/public/js/libs/deparam.js
FN:7,(anonymous_0)
FN:8,(anonymous_1)
FN:16,(anonymous_2)
FNF:3
FNH:0
FNDA:0,(anonymous_0)
FNDA:0,(anonymous_1)
FNDA:0,(anonymous_2)
DA:7,0
DA:8,0
DA:9,0
DA:10,0
DA:12,0
DA:13,0
DA:17,0
DA:20,0
LF:8
LH:0
BRDA:8,0,0,0
BRDA:8,0,1,0
BRDA:9,1,0,0
BRDA:9,1,1,0
BRF:4
BRH:0
end_of_record
TN:
SF:/Users/katmel98/devel/@training/nodejs/node-chat-app/public/js/libs/jquery-3.3.1.min.js
FN:2,(anonymous_0)
FN:2,(anonymous_1)
FN:2,(anonymous_2)
FN:2,e
FN:2,e
FN:2,m
FN:2,x
FN:2,(anonymous_7)
FN:2,(anonymous_8)
FN:2,(anonymous_9)
FN:2,(anonymous_10)
FN:2,(anonymous_11)
FN:2,(anonymous_12)
FN:2,(anonymous_13)
FN:2,(anonymous_14)
FN:2,(anonymous_15)
FN:2,(anonymous_16)
FN:2,(anonymous_17)
FN:2,(anonymous_18)
FN:2,(anonymous_19)
FN:2,(anonymous_20)
FN:2,(anonymous_21)
FN:2,(anonymous_22)
FN:2,(anonymous_23)
FN:2,(anonymous_24)
FN:2,(anonymous_25)
FN:2,(anonymous_26)
FN:2,(anonymous_27)
FN:2,(anonymous_28)
FN:2,(anonymous_29)
FN:2,(anonymous_30)
FN:2,(anonymous_31)
FN:2,(anonymous_32)
FN:2,C
FN:2,(anonymous_34)
FN:2,(anonymous_35)
FN:2,(anonymous_36)
FN:2,(anonymous_37)
FN:2,(anonymous_38)
FN:2,(anonymous_39)
FN:2,(anonymous_40)
FN:2,(anonymous_41)
FN:2,(anonymous_42)
FN:2,oe
FN:2,ae
FN:2,t
FN:2,se
FN:2,ue
FN:2,le
FN:2,ce
FN:2,fe
FN:2,(anonymous_51)
FN:2,pe
FN:2,(anonymous_53)
FN:2,de
FN:2,(anonymous_55)
FN:2,he
FN:2,(anonymous_57)
FN:2,(anonymous_58)
FN:2,ge
FN:2,(anonymous_60)
FN:2,(anonymous_61)
FN:2,(anonymous_62)
FN:2,(anonymous_63)
FN:2,(anonymous_64)
FN:2,(anonymous_65)
FN:2,(anonymous_66)
FN:2,(anonymous_67)
FN:2,(anonymous_68)
FN:2,(anonymous_69)
FN:2,(anonymous_70)
FN:2,(anonymous_71)
FN:2,(anonymous_72)
FN:2,(anonymous_73)
FN:2,(anonymous_74)
FN:2,(anonymous_75)
FN:2,(anonymous_76)
FN:2,(anonymous_77)
FN:2,(anonymous_78)
FN:2,(anonymous_79)
FN:2,(anonymous_80)
FN:2,(anonymous_81)
FN:2,(anonymous_82)
FN:2,(anonymous_83)
FN:2,(anonymous_84)
FN:2,(anonymous_85)
FN:2,(anonymous_86)
FN:2,(anonymous_87)
FN:2,(anonymous_88)
FN:2,(anonymous_89)
FN:2,(anonymous_90)
FN:2,(anonymous_91)
FN:2,(anonymous_92)
FN:2,(anonymous_93)
FN:2,(anonymous_94)
FN:2,(anonymous_95)
FN:2,(anonymous_96)
FN:2,(anonymous_97)
FN:2,(anonymous_98)
FN:2,(anonymous_99)
FN:2,(anonymous_100)
FN:2,(anonymous_101)
FN:2,(anonymous_102)
FN:2,(anonymous_103)
FN:2,(anonymous_104)
FN:2,(anonymous_105)
FN:2,(anonymous_106)
FN:2,(anonymous_107)
FN:2,(anonymous_108)
FN:2,(anonymous_109)
FN:2,(anonymous_110)
FN:2,(anonymous_111)
FN:2,(anonymous_112)
FN:2,(anonymous_113)
FN:2,(anonymous_114)
FN:2,(anonymous_115)
FN:2,(anonymous_116)
FN:2,(anonymous_117)
FN:2,(anonymous_118)
FN:2,(anonymous_119)
FN:2,(anonymous_120)
FN:2,(anonymous_121)
FN:2,(anonymous_122)
FN:2,(anonymous_123)
FN:2,(anonymous_124)
FN:2,(anonymous_125)
FN:2,(anonymous_126)
FN:2,(anonymous_127)
FN:2,(anonymous_128)
FN:2,(anonymous_129)
FN:2,(anonymous_130)
FN:2,(anonymous_131)
FN:2,ye
FN:2,(anonymous_133)
FN:2,ve
FN:2,me
FN:2,(anonymous_136)
FN:2,(anonymous_137)
FN:2,xe
FN:2,(anonymous_139)
FN:2,be
FN:2,we
FN:2,Te
FN:2,(anonymous_143)
FN:2,Ce
FN:2,Ee
FN:2,(anonymous_146)
FN:2,(anonymous_147)
FN:2,(anonymous_148)
FN:2,(anonymous_149)
FN:2,(anonymous_150)
FN:2,(anonymous_151)
FN:2,(anonymous_152)
FN:2,(anonymous_153)
FN:2,(anonymous_154)
FN:2,(anonymous_155)
FN:2,(anonymous_156)
FN:2,(anonymous_157)
FN:2,N
FN:2,j
FN:2,(anonymous_160)
FN:2,(anonymous_161)
FN:2,(anonymous_162)
FN:2,(anonymous_163)
FN:2,(anonymous_164)
FN:2,(anonymous_165)
FN:2,(anonymous_166)
FN:2,(anonymous_167)
FN:2,(anonymous_168)
FN:2,(anonymous_169)
FN:2,(anonymous_170)
FN:2,(anonymous_171)
FN:2,(anonymous_172)
FN:2,(anonymous_173)
FN:2,(anonymous_174)
FN:2,(anonymous_175)
FN:2,(anonymous_176)
FN:2,P
FN:2,(anonymous_178)
FN:2,(anonymous_179)
FN:2,(anonymous_180)
FN:2,(anonymous_181)
FN:2,(anonymous_182)
FN:2,(anonymous_183)
FN:2,(anonymous_184)
FN:2,(anonymous_185)
FN:2,(anonymous_186)
FN:2,(anonymous_187)
FN:2,(anonymous_188)
FN:2,(anonymous_189)
FN:2,(anonymous_190)
FN:2,(anonymous_191)
FN:2,R
FN:2,(anonymous_193)
FN:2,(anonymous_194)
FN:2,(anonymous_195)
FN:2,(anonymous_196)
FN:2,t
FN:2,(anonymous_198)
FN:2,(anonymous_199)
FN:2,(anonymous_200)
FN:2,(anonymous_201)
FN:2,(anonymous_202)
FN:2,(anonymous_203)
FN:2,(anonymous_204)
FN:2,(anonymous_205)
FN:2,(anonymous_206)
FN:2,(anonymous_207)
FN:2,(anonymous_208)
FN:2,(anonymous_209)
FN:2,I
FN:2,W
FN:2,$
FN:2,(anonymous_213)
FN:2,(anonymous_214)
FN:2,(anonymous_215)
FN:2,(anonymous_216)
FN:2,(anonymous_217)
FN:2,(anonymous_218)
FN:2,(anonymous_219)
FN:2,(anonymous_220)
FN:2,(anonymous_221)
FN:2,a
FN:2,(anonymous_223)
FN:2,(anonymous_224)
FN:2,(anonymous_225)
FN:2,(anonymous_226)
FN:2,(anonymous_227)
FN:2,(anonymous_228)
FN:2,(anonymous_229)
FN:2,(anonymous_230)
FN:2,(anonymous_231)
FN:2,(anonymous_232)
FN:2,(anonymous_233)
FN:2,(anonymous_234)
FN:2,(anonymous_235)
FN:2,(anonymous_236)
FN:2,(anonymous_237)
FN:2,(anonymous_238)
FN:2,(anonymous_239)
FN:2,_
FN:2,(anonymous_241)
FN:2,(anonymous_242)
FN:2,V
FN:2,G
FN:2,(anonymous_245)
FN:2,Q
FN:2,(anonymous_247)
FN:2,(anonymous_248)
FN:2,(anonymous_249)
FN:2,(anonymous_250)
FN:2,(anonymous_251)
FN:2,(anonymous_252)
FN:2,te
FN:2,ne
FN:2,(anonymous_255)
FN:2,(anonymous_256)
FN:2,(anonymous_257)
FN:2,(anonymous_258)
FN:2,(anonymous_259)
FN:2,(anonymous_260)
FN:2,(anonymous_261)
FN:2,(anonymous_262)
FN:2,(anonymous_263)
FN:2,(anonymous_264)
FN:2,(anonymous_265)
FN:2,(anonymous_266)
FN:2,(anonymous_267)
FN:2,(anonymous_268)
FN:2,(anonymous_269)
FN:2,(anonymous_270)
FN:2,(anonymous_271)
FN:2,(anonymous_272)
FN:2,(anonymous_273)
FN:2,(anonymous_274)
FN:2,(anonymous_275)
FN:2,(anonymous_276)
FN:2,(anonymous_277)
FN:2,(anonymous_278)
FN:2,(anonymous_279)
FN:2,ue
FN:2,(anonymous_281)
FN:2,(anonymous_282)
FN:2,ce
FN:2,fe
FN:2,(anonymous_285)
FN:2,(anonymous_286)
FN:2,(anonymous_287)
FN:2,(anonymous_288)
FN:2,ye
FN:2,ve
FN:2,xe
FN:2,(anonymous_292)
FN:2,Ee
FN:2,ke
FN:2,Se
FN:2,De
FN:2,(anonymous_297)
FN:2,(anonymous_298)
FN:2,(anonymous_299)
FN:2,(anonymous_300)
FN:2,(anonymous_301)
FN:2,(anonymous_302)
FN:2,(anonymous_303)
FN:2,(anonymous_304)
FN:2,(anonymous_305)
FN:2,(anonymous_306)
FN:2,(anonymous_307)
FN:2,(anonymous_308)
FN:2,(anonymous_309)
FN:2,(anonymous_310)
FN:2,(anonymous_311)
FN:2,(anonymous_312)
FN:2,(anonymous_313)
FN:2,(anonymous_314)
FN:2,(anonymous_315)
FN:2,(anonymous_316)
FN:2,(anonymous_317)
FN:2,(anonymous_318)
FN:2,(anonymous_319)
FN:2,(anonymous_320)
FN:2,(anonymous_321)
FN:2,(anonymous_322)
FN:2,(anonymous_323)
FN:2,(anonymous_324)
FN:2,(anonymous_325)
FN:2,Le
FN:2,He
FN:2,Oe
FN:2,Pe
FN:2,Me
FN:2,Re
FN:2,(anonymous_332)
FN:2,Ie
FN:2,(anonymous_334)
FN:2,(anonymous_335)
FN:2,(anonymous_336)
FN:2,(anonymous_337)
FN:2,(anonymous_338)
FN:2,(anonymous_339)
FN:2,(anonymous_340)
FN:2,(anonymous_341)
FN:2,(anonymous_342)
FN:2,(anonymous_343)
FN:2,(anonymous_344)
FN:2,(anonymous_345)
FN:2,(anonymous_346)
FN:2,(anonymous_347)
FN:2,(anonymous_348)
FN:2,(anonymous_349)
FN:2,(anonymous_350)
FN:2,(anonymous_351)
FN:2,(anonymous_352)
FN:2,(anonymous_353)
FN:2,(anonymous_354)
FN:2,(anonymous_355)
FN:2,(anonymous_356)
FN:2,(anonymous_357)
FN:2,(anonymous_358)
FN:2,(anonymous_359)
FN:2,(anonymous_360)
FN:2,t
FN:2,n
FN:2,(anonymous_363)
FN:2,(anonymous_364)
FN:2,(anonymous_365)
FN:2,(anonymous_366)
FN:2,(anonymous_367)
FN:2,Fe
FN:2,_e
FN:2,(anonymous_370)
FN:2,Qe
FN:2,Je
FN:2,Ke
FN:2,Ze
FN:2,et
FN:2,(anonymous_376)
FN:2,(anonymous_377)
FN:2,(anonymous_378)
FN:2,(anonymous_379)
FN:2,(anonymous_380)
FN:2,(anonymous_381)
FN:2,(anonymous_382)
FN:2,(anonymous_383)
FN:2,(anonymous_384)
FN:2,(anonymous_385)
FN:2,(anonymous_386)
FN:2,(anonymous_387)
FN:2,(anonymous_388)
FN:2,tt
FN:2,(anonymous_390)
FN:2,(anonymous_391)
FN:2,(anonymous_392)
FN:2,(anonymous_393)
FN:2,(anonymous_394)
FN:2,(anonymous_395)
FN:2,(anonymous_396)
FN:2,(anonymous_397)
FN:2,at
FN:2,st
FN:2,(anonymous_400)
FN:2,ut
FN:2,lt
FN:2,ct
FN:2,(anonymous_404)
FN:2,(anonymous_405)
FN:2,(anonymous_406)
FN:2,(anonymous_407)
FN:2,(anonymous_408)
FN:2,(anonymous_409)
FN:2,ft
FN:2,pt
FN:2,(anonymous_412)
FN:2,(anonymous_413)
FN:2,(anonymous_414)
FN:2,(anonymous_415)
FN:2,(anonymous_416)
FN:2,(anonymous_417)
FN:2,(anonymous_418)
FN:2,(anonymous_419)
FN:2,(anonymous_420)
FN:2,(anonymous_421)
FN:2,(anonymous_422)
FN:2,(anonymous_423)
FN:2,(anonymous_424)
FN:2,(anonymous_425)
FN:2,(anonymous_426)
FN:2,(anonymous_427)
FN:2,(anonymous_428)
FN:2,(anonymous_429)
FN:2,(anonymous_430)
FN:2,(anonymous_431)
FN:2,(anonymous_432)
FN:2,(anonymous_433)
FN:2,(anonymous_434)
FN:2,(anonymous_435)
FN:2,(anonymous_436)
FN:2,(anonymous_437)
FN:2,(anonymous_438)
FN:2,(anonymous_439)
FN:2,(anonymous_440)
FN:2,(anonymous_441)
FN:2,(anonymous_442)
FN:2,(anonymous_443)
FN:2,(anonymous_444)
FN:2,(anonymous_445)
FN:2,(anonymous_446)
FN:2,(anonymous_447)
FN:2,(anonymous_448)
FN:2,(anonymous_449)
FN:2,(anonymous_450)
FN:2,(anonymous_451)
FN:2,(anonymous_452)
FN:2,(anonymous_453)
FN:2,(anonymous_454)
FN:2,(anonymous_455)
FN:2,(anonymous_456)
FN:2,(anonymous_457)
FN:2,vt
FN:2,mt
FN:2,xt
FN:2,(anonymous_461)
FN:2,(anonymous_462)
FN:2,(anonymous_463)
FN:2,(anonymous_464)
FN:2,(anonymous_465)
FN:2,(anonymous_466)
FN:2,(anonymous_467)
FN:2,(anonymous_468)
FN:2,(anonymous_469)
FN:2,(anonymous_470)
FN:2,(anonymous_471)
FN:2,(anonymous_472)
FN:2,(anonymous_473)
FN:2,(anonymous_474)
FN:2,(anonymous_475)
FN:2,(anonymous_476)
FN:2,(anonymous_477)
FN:2,(anonymous_478)
FN:2,(anonymous_479)
FN:2,(anonymous_480)
FN:2,(anonymous_481)
FN:2,(anonymous_482)
FN:2,(anonymous_483)
FN:2,(anonymous_484)
FN:2,(anonymous_485)
FN:2,(anonymous_486)
FN:2,(anonymous_487)
FN:2,(anonymous_488)
FN:2,jt
FN:2,(anonymous_490)
FN:2,(anonymous_491)
FN:2,(anonymous_492)
FN:2,(anonymous_493)
FN:2,(anonymous_494)
FN:2,(anonymous_495)
FN:2,(anonymous_496)
FN:2,(anonymous_497)
FN:2,(anonymous_498)
FN:2,(anonymous_499)
FN:2,Ft
FN:2,(anonymous_501)
FN:2,_t
FN:2,a
FN:2,(anonymous_504)
FN:2,zt
FN:2,Xt
FN:2,Ut
FN:2,(anonymous_508)
FN:2,(anonymous_509)
FN:2,(anonymous_510)
FN:2,(anonymous_511)
FN:2,(anonymous_512)
FN:2,(anonymous_513)
FN:2,(anonymous_514)
FN:2,(anonymous_515)
FN:2,(anonymous_516)
FN:2,k
FN:2,(anonymous_518)
FN:2,(anonymous_519)
FN:2,(anonymous_520)
FN:2,(anonymous_521)
FN:2,(anonymous_522)
FN:2,(anonymous_523)
FN:2,(anonymous_524)
FN:2,(anonymous_525)
FN:2,(anonymous_526)
FN:2,(anonymous_527)
FN:2,(anonymous_528)
FN:2,(anonymous_529)
FN:2,(anonymous_530)
FN:2,(anonymous_531)
FN:2,(anonymous_532)
FN:2,(anonymous_533)
FN:2,(anonymous_534)
FN:2,(anonymous_535)
FN:2,(anonymous_536)
FN:2,(anonymous_537)
FN:2,(anonymous_538)
FN:2,(anonymous_539)
FN:2,(anonymous_540)
FN:2,(anonymous_541)
FN:2,(anonymous_542)
FN:2,(anonymous_543)
FN:2,(anonymous_544)
FN:2,(anonymous_545)
FN:2,(anonymous_546)
FN:2,(anonymous_547)
FN:2,(anonymous_548)
FN:2,(anonymous_549)
FN:2,(anonymous_550)
FN:2,(anonymous_551)
FN:2,(anonymous_552)
FN:2,(anonymous_553)
FN:2,(anonymous_554)
FN:2,(anonymous_555)
FN:2,(anonymous_556)
FN:2,(anonymous_557)
FN:2,(anonymous_558)
FN:2,(anonymous_559)
FN:2,(anonymous_560)
FN:2,(anonymous_561)
FN:2,(anonymous_562)
FN:2,(anonymous_563)
FN:2,(anonymous_564)
FN:2,(anonymous_565)
FN:2,(anonymous_566)
FN:2,(anonymous_567)
FN:2,(anonymous_568)
FN:2,(anonymous_569)
FN:2,(anonymous_570)
FN:2,(anonymous_571)
FN:2,(anonymous_572)
FN:2,(anonymous_573)
FN:2,(anonymous_574)
FN:2,(anonymous_575)
FN:2,(anonymous_576)
FN:2,(anonymous_577)
FN:2,(anonymous_578)
FN:2,(anonymous_579)
FN:2,(anonymous_580)
FN:2,(anonymous_581)
FN:2,(anonymous_582)
FN:2,(anonymous_583)
FN:2,(anonymous_584)
FN:2,(anonymous_585)
FN:2,(anonymous_586)
FN:2,(anonymous_587)
FN:2,(anonymous_588)
FN:2,(anonymous_589)
FN:2,(anonymous_590)
FN:2,(anonymous_591)
FNF:592
FNH:0
FNDA:0,(anonymous_0)
FNDA:0,(anonymous_1)
FNDA:0,(anonymous_2)
FNDA:0,e
FNDA:0,e
FNDA:0,m
FNDA:0,x
FNDA:0,(anonymous_7)
FNDA:0,(anonymous_8)
FNDA:0,(anonymous_9)
FNDA:0,(anonymous_10)
FNDA:0,(anonymous_11)
FNDA:0,(anonymous_12)
FNDA:0,(anonymous_13)
FNDA:0,(anonymous_14)
FNDA:0,(anonymous_15)
FNDA:0,(anonymous_16)
FNDA:0,(anonymous_17)
FNDA:0,(anonymous_18)
FNDA:0,(anonymous_19)
FNDA:0,(anonymous_20)
FNDA:0,(anonymous_21)
FNDA:0,(anonymous_22)
FNDA:0,(anonymous_23)
FNDA:0,(anonymous_24)
FNDA:0,(anonymous_25)
FNDA:0,(anonymous_26)
FNDA:0,(anonymous_27)
FNDA:0,(anonymous_28)
FNDA:0,(anonymous_29)
FNDA:0,(anonymous_30)
FNDA:0,(anonymous_31)
FNDA:0,(anonymous_32)
FNDA:0,C
FNDA:0,(anonymous_34)
FNDA:0,(anonymous_35)
FNDA:0,(anonymous_36)
FNDA:0,(anonymous_37)
FNDA:0,(anonymous_38)
FNDA:0,(anonymous_39)
FNDA:0,(anonymous_40)
FNDA:0,(anonymous_41)
FNDA:0,(anonymous_42)
FNDA:0,oe
FNDA:0,ae
FNDA:0,t
FNDA:0,se
FNDA:0,ue
FNDA:0,le
FNDA:0,ce
FNDA:0,fe
FNDA:0,(anonymous_51)
FNDA:0,pe
FNDA:0,(anonymous_53)
FNDA:0,de
FNDA:0,(anonymous_55)
FNDA:0,he
FNDA:0,(anonymous_57)
FNDA:0,(anonymous_58)
FNDA:0,ge
FNDA:0,(anonymous_60)
FNDA:0,(anonymous_61)
FNDA:0,(anonymous_62)
FNDA:0,(anonymous_63)
FNDA:0,(anonymous_64)
FNDA:0,(anonymous_65)
FNDA:0,(anonymous_66)
FNDA:0,(anonymous_67)
FNDA:0,(anonymous_68)
FNDA:0,(anonymous_69)
FNDA:0,(anonymous_70)
FNDA:0,(anonymous_71)
FNDA:0,(anonymous_72)
FNDA:0,(anonymous_73)
FNDA:0,(anonymous_74)
FNDA:0,(anonymous_75)
FNDA:0,(anonymous_76)
FNDA:0,(anonymous_77)
FNDA:0,(anonymous_78)
FNDA:0,(anonymous_79)
FNDA:0,(anonymous_80)
FNDA:0,(anonymous_81)
FNDA:0,(anonymous_82)
FNDA:0,(anonymous_83)
FNDA:0,(anonymous_84)
FNDA:0,(anonymous_85)
FNDA:0,(anonymous_86)
FNDA:0,(anonymous_87)
FNDA:0,(anonymous_88)
FNDA:0,(anonymous_89)
FNDA:0,(anonymous_90)
FNDA:0,(anonymous_91)
FNDA:0,(anonymous_92)
FNDA:0,(anonymous_93)
FNDA:0,(anonymous_94)
FNDA:0,(anonymous_95)
FNDA:0,(anonymous_96)
FNDA:0,(anonymous_97)
FNDA:0,(anonymous_98)
FNDA:0,(anonymous_99)
FNDA:0,(anonymous_100)
FNDA:0,(anonymous_101)
FNDA:0,(anonymous_102)
FNDA:0,(anonymous_103)
FNDA:0,(anonymous_104)
FNDA:0,(anonymous_105)
FNDA:0,(anonymous_106)
FNDA:0,(anonymous_107)
FNDA:0,(anonymous_108)
FNDA:0,(anonymous_109)
FNDA:0,(anonymous_110)
FNDA:0,(anonymous_111)
FNDA:0,(anonymous_112)
FNDA:0,(anonymous_113)
FNDA:0,(anonymous_114)
FNDA:0,(anonymous_115)
FNDA:0,(anonymous_116)
FNDA:0,(anonymous_117)
FNDA:0,(anonymous_118)
FNDA:0,(anonymous_119)
FNDA:0,(anonymous_120)
FNDA:0,(anonymous_121)
FNDA:0,(anonymous_122)
FNDA:0,(anonymous_123)
FNDA:0,(anonymous_124)
FNDA:0,(anonymous_125)
FNDA:0,(anonymous_126)
FNDA:0,(anonymous_127)
FNDA:0,(anonymous_128)
FNDA:0,(anonymous_129)
FNDA:0,(anonymous_130)
FNDA:0,(anonymous_131)
FNDA:0,ye
FNDA:0,(anonymous_133)
FNDA:0,ve
FNDA:0,me
FNDA:0,(anonymous_136)
FNDA:0,(anonymous_137)
FNDA:0,xe
FNDA:0,(anonymous_139)
FNDA:0,be
FNDA:0,we
FNDA:0,Te
FNDA:0,(anonymous_143)
FNDA:0,Ce
FNDA:0,Ee
FNDA:0,(anonymous_146)
FNDA:0,(anonymous_147)
FNDA:0,(anonymous_148)
FNDA:0,(anonymous_149)
FNDA:0,(anonymous_150)
FNDA:0,(anonymous_151)
FNDA:0,(anonymous_152)
FNDA:0,(anonymous_153)
FNDA:0,(anonymous_154)
FNDA:0,(anonymous_155)
FNDA:0,(anonymous_156)
FNDA:0,(anonymous_157)
FNDA:0,N
FNDA:0,j
FNDA:0,(anonymous_160)
FNDA:0,(anonymous_161)
FNDA:0,(anonymous_162)
FNDA:0,(anonymous_163)
FNDA:0,(anonymous_164)
FNDA:0,(anonymous_165)
FNDA:0,(anonymous_166)
FNDA:0,(anonymous_167)
FNDA:0,(anonymous_168)
FNDA:0,(anonymous_169)
FNDA:0,(anonymous_170)
FNDA:0,(anonymous_171)
FNDA:0,(anonymous_172)
FNDA:0,(anonymous_173)
FNDA:0,(anonymous_174)
FNDA:0,(anonymous_175)
FNDA:0,(anonymous_176)
FNDA:0,P
FNDA:0,(anonymous_178)
FNDA:0,(anonymous_179)
FNDA:0,(anonymous_180)
FNDA:0,(anonymous_181)
FNDA:0,(anonymous_182)
FNDA:0,(anonymous_183)
FNDA:0,(anonymous_184)
FNDA:0,(anonymous_185)
FNDA:0,(anonymous_186)
FNDA:0,(anonymous_187)
FNDA:0,(anonymous_188)
FNDA:0,(anonymous_189)
FNDA:0,(anonymous_190)
FNDA:0,(anonymous_191)
FNDA:0,R
FNDA:0,(anonymous_193)
FNDA:0,(anonymous_194)
FNDA:0,(anonymous_195)
FNDA:0,(anonymous_196)
FNDA:0,t
FNDA:0,(anonymous_198)
FNDA:0,(anonymous_199)
FNDA:0,(anonymous_200)
FNDA:0,(anonymous_201)
FNDA:0,(anonymous_202)
FNDA:0,(anonymous_203)
FNDA:0,(anonymous_204)
FNDA:0,(anonymous_205)
FNDA:0,(anonymous_206)
FNDA:0,(anonymous_207)
FNDA:0,(anonymous_208)
FNDA:0,(anonymous_209)
FNDA:0,I
FNDA:0,W
FNDA:0,$
FNDA:0,(anonymous_213)
FNDA:0,(anonymous_214)
FNDA:0,(anonymous_215)
FNDA:0,(anonymous_216)
FNDA:0,(anonymous_217)
FNDA:0,(anonymous_218)
FNDA:0,(anonymous_219)
FNDA:0,(anonymous_220)
FNDA:0,(anonymous_221)
FNDA:0,a
FNDA:0,(anonymous_223)
FNDA:0,(anonymous_224)
FNDA:0,(anonymous_225)
FNDA:0,(anonymous_226)
FNDA:0,(anonymous_227)
FNDA:0,(anonymous_228)
FNDA:0,(anonymous_229)
FNDA:0,(anonymous_230)
FNDA:0,(anonymous_231)
FNDA:0,(anonymous_232)
FNDA:0,(anonymous_233)
FNDA:0,(anonymous_234)
FNDA:0,(anonymous_235)
FNDA:0,(anonymous_236)
FNDA:0,(anonymous_237)
FNDA:0,(anonymous_238)
FNDA:0,(anonymous_239)
FNDA:0,_
FNDA:0,(anonymous_241)
FNDA:0,(anonymous_242)
FNDA:0,V
FNDA:0,G
FNDA:0,(anonymous_245)
FNDA:0,Q
FNDA:0,(anonymous_247)
FNDA:0,(anonymous_248)
FNDA:0,(anonymous_249)
FNDA:0,(anonymous_250)
FNDA:0,(anonymous_251)
FNDA:0,(anonymous_252)
FNDA:0,te
FNDA:0,ne
FNDA:0,(anonymous_255)
FNDA:0,(anonymous_256)
FNDA:0,(anonymous_257)
FNDA:0,(anonymous_258)
FNDA:0,(anonymous_259)
FNDA:0,(anonymous_260)
FNDA:0,(anonymous_261)
FNDA:0,(anonymous_262)
FNDA:0,(anonymous_263)
FNDA:0,(anonymous_264)
FNDA:0,(anonymous_265)
FNDA:0,(anonymous_266)
FNDA:0,(anonymous_267)
FNDA:0,(anonymous_268)
FNDA:0,(anonymous_269)
FNDA:0,(anonymous_270)
FNDA:0,(anonymous_271)
FNDA:0,(anonymous_272)
FNDA:0,(anonymous_273)
FNDA:0,(anonymous_274)
FNDA:0,(anonymous_275)
FNDA:0,(anonymous_276)
FNDA:0,(anonymous_277)
FNDA:0,(anonymous_278)
FNDA:0,(anonymous_279)
FNDA:0,ue
FNDA:0,(anonymous_281)
FNDA:0,(anonymous_282)
FNDA:0,ce
FNDA:0,fe
FNDA:0,(anonymous_285)
FNDA:0,(anonymous_286)
FNDA:0,(anonymous_287)
FNDA:0,(anonymous_288)
FNDA:0,ye
FNDA:0,ve
FNDA:0,xe
FNDA:0,(anonymous_292)
FNDA:0,Ee
FNDA:0,ke
FNDA:0,Se
FNDA:0,De
FNDA:0,(anonymous_297)
FNDA:0,(anonymous_298)
FNDA:0,(anonymous_299)
FNDA:0,(anonymous_300)
FNDA:0,(anonymous_301)
FNDA:0,(anonymous_302)
FNDA:0,(anonymous_303)
FNDA:0,(anonymous_304)
FNDA:0,(anonymous_305)
FNDA:0,(anonymous_306)
FNDA:0,(anonymous_307)
FNDA:0,(anonymous_308)
FNDA:0,(anonymous_309)
FNDA:0,(anonymous_310)
FNDA:0,(anonymous_311)
FNDA:0,(anonymous_312)
FNDA:0,(anonymous_313)
FNDA:0,(anonymous_314)
FNDA:0,(anonymous_315)
FNDA:0,(anonymous_316)
FNDA:0,(anonymous_317)
FNDA:0,(anonymous_318)
FNDA:0,(anonymous_319)
FNDA:0,(anonymous_320)
FNDA:0,(anonymous_321)
FNDA:0,(anonymous_322)
FNDA:0,(anonymous_323)
FNDA:0,(anonymous_324)
FNDA:0,(anonymous_325)
FNDA:0,Le
FNDA:0,He
FNDA:0,Oe
FNDA:0,Pe
FNDA:0,Me
FNDA:0,Re
FNDA:0,(anonymous_332)
FNDA:0,Ie
FNDA:0,(anonymous_334)
FNDA:0,(anonymous_335)
FNDA:0,(anonymous_336)
FNDA:0,(anonymous_337)
FNDA:0,(anonymous_338)
FNDA:0,(anonymous_339)
FNDA:0,(anonymous_340)
FNDA:0,(anonymous_341)
FNDA:0,(anonymous_342)
FNDA:0,(anonymous_343)
FNDA:0,(anonymous_344)
FNDA:0,(anonymous_345)
FNDA:0,(anonymous_346)
FNDA:0,(anonymous_347)
FNDA:0,(anonymous_348)
FNDA:0,(anonymous_349)
FNDA:0,(anonymous_350)
FNDA:0,(anonymous_351)
FNDA:0,(anonymous_352)
FNDA:0,(anonymous_353)
FNDA:0,(anonymous_354)
FNDA:0,(anonymous_355)
FNDA:0,(anonymous_356)
FNDA:0,(anonymous_357)
FNDA:0,(anonymous_358)
FNDA:0,(anonymous_359)
FNDA:0,(anonymous_360)
FNDA:0,t
FNDA:0,n
FNDA:0,(anonymous_363)
FNDA:0,(anonymous_364)
FNDA:0,(anonymous_365)
FNDA:0,(anonymous_366)
FNDA:0,(anonymous_367)
FNDA:0,Fe
FNDA:0,_e
FNDA:0,(anonymous_370)
FNDA:0,Qe
FNDA:0,Je
FNDA:0,Ke
FNDA:0,Ze
FNDA:0,et
FNDA:0,(anonymous_376)
FNDA:0,(anonymous_377)
FNDA:0,(anonymous_378)
FNDA:0,(anonymous_379)
FNDA:0,(anonymous_380)
FNDA:0,(anonymous_381)
FNDA:0,(anonymous_382)
FNDA:0,(anonymous_383)
FNDA:0,(anonymous_384)
FNDA:0,(anonymous_385)
FNDA:0,(anonymous_386)
FNDA:0,(anonymous_387)
FNDA:0,(anonymous_388)
FNDA:0,tt
FNDA:0,(anonymous_390)
FNDA:0,(anonymous_391)
FNDA:0,(anonymous_392)
FNDA:0,(anonymous_393)
FNDA:0,(anonymous_394)
FNDA:0,(anonymous_395)
FNDA:0,(anonymous_396)
FNDA:0,(anonymous_397)
FNDA:0,at
FNDA:0,st
FNDA:0,(anonymous_400)
FNDA:0,ut
FNDA:0,lt
FNDA:0,ct
FNDA:0,(anonymous_404)
FNDA:0,(anonymous_405)
FNDA:0,(anonymous_406)
FNDA:0,(anonymous_407)
FNDA:0,(anonymous_408)
FNDA:0,(anonymous_409)
FNDA:0,ft
FNDA:0,pt
FNDA:0,(anonymous_412)
FNDA:0,(anonymous_413)
FNDA:0,(anonymous_414)
FNDA:0,(anonymous_415)
FNDA:0,(anonymous_416)
FNDA:0,(anonymous_417)
FNDA:0,(anonymous_418)
FNDA:0,(anonymous_419)
FNDA:0,(anonymous_420)
FNDA:0,(anonymous_421)
FNDA:0,(anonymous_422)
FNDA:0,(anonymous_423)
FNDA:0,(anonymous_424)
FNDA:0,(anonymous_425)
FNDA:0,(anonymous_426)
FNDA:0,(anonymous_427)
FNDA:0,(anonymous_428)
FNDA:0,(anonymous_429)
FNDA:0,(anonymous_430)
FNDA:0,(anonymous_431)
FNDA:0,(anonymous_432)
FNDA:0,(anonymous_433)
FNDA:0,(anonymous_434)
FNDA:0,(anonymous_435)
FNDA:0,(anonymous_436)
FNDA:0,(anonymous_437)
FNDA:0,(anonymous_438)
FNDA:0,(anonymous_439)
FNDA:0,(anonymous_440)
FNDA:0,(anonymous_441)
FNDA:0,(anonymous_442)
FNDA:0,(anonymous_443)
FNDA:0,(anonymous_444)
FNDA:0,(anonymous_445)
FNDA:0,(anonymous_446)
FNDA:0,(anonymous_447)
FNDA:0,(anonymous_448)
FNDA:0,(anonymous_449)
FNDA:0,(anonymous_450)
FNDA:0,(anonymous_451)
FNDA:0,(anonymous_452)
FNDA:0,(anonymous_453)
FNDA:0,(anonymous_454)
FNDA:0,(anonymous_455)
FNDA:0,(anonymous_456)
FNDA:0,(anonymous_457)
FNDA:0,vt
FNDA:0,mt
FNDA:0,xt
FNDA:0,(anonymous_461)
FNDA:0,(anonymous_462)
FNDA:0,(anonymous_463)
FNDA:0,(anonymous_464)
FNDA:0,(anonymous_465)
FNDA:0,(anonymous_466)
FNDA:0,(anonymous_467)
FNDA:0,(anonymous_468)
FNDA:0,(anonymous_469)
FNDA:0,(anonymous_470)
FNDA:0,(anonymous_471)
FNDA:0,(anonymous_472)
FNDA:0,(anonymous_473)
FNDA:0,(anonymous_474)
FNDA:0,(anonymous_475)
FNDA:0,(anonymous_476)
FNDA:0,(anonymous_477)
FNDA:0,(anonymous_478)
FNDA:0,(anonymous_479)
FNDA:0,(anonymous_480)
FNDA:0,(anonymous_481)
FNDA:0,(anonymous_482)
FNDA:0,(anonymous_483)
FNDA:0,(anonymous_484)
FNDA:0,(anonymous_485)
FNDA:0,(anonymous_486)
FNDA:0,(anonymous_487)
FNDA:0,(anonymous_488)
FNDA:0,jt
FNDA:0,(anonymous_490)
FNDA:0,(anonymous_491)
FNDA:0,(anonymous_492)
FNDA:0,(anonymous_493)
FNDA:0,(anonymous_494)
FNDA:0,(anonymous_495)
FNDA:0,(anonymous_496)
FNDA:0,(anonymous_497)
FNDA:0,(anonymous_498)
FNDA:0,(anonymous_499)
FNDA:0,Ft
FNDA:0,(anonymous_501)
FNDA:0,_t
FNDA:0,a
FNDA:0,(anonymous_504)
FNDA:0,zt
FNDA:0,Xt
FNDA:0,Ut
FNDA:0,(anonymous_508)
FNDA:0,(anonymous_509)
FNDA:0,(anonymous_510)
FNDA:0,(anonymous_511)
FNDA:0,(anonymous_512)
FNDA:0,(anonymous_513)
FNDA:0,(anonymous_514)
FNDA:0,(anonymous_515)
FNDA:0,(anonymous_516)
FNDA:0,k
FNDA:0,(anonymous_518)
FNDA:0,(anonymous_519)
FNDA:0,(anonymous_520)
FNDA:0,(anonymous_521)
FNDA:0,(anonymous_522)
FNDA:0,(anonymous_523)
FNDA:0,(anonymous_524)
FNDA:0,(anonymous_525)
FNDA:0,(anonymous_526)
FNDA:0,(anonymous_527)
FNDA:0,(anonymous_528)
FNDA:0,(anonymous_529)
FNDA:0,(anonymous_530)
FNDA:0,(anonymous_531)
FNDA:0,(anonymous_532)
FNDA:0,(anonymous_533)
FNDA:0,(anonymous_534)
FNDA:0,(anonymous_535)
FNDA:0,(anonymous_536)
FNDA:0,(anonymous_537)
FNDA:0,(anonymous_538)
FNDA:0,(anonymous_539)
FNDA:0,(anonymous_540)
FNDA:0,(anonymous_541)
FNDA:0,(anonymous_542)
FNDA:0,(anonymous_543)
FNDA:0,(anonymous_544)
FNDA:0,(anonymous_545)
FNDA:0,(anonymous_546)
FNDA:0,(anonymous_547)
FNDA:0,(anonymous_548)
FNDA:0,(anonymous_549)
FNDA:0,(anonymous_550)
FNDA:0,(anonymous_551)
FNDA:0,(anonymous_552)
FNDA:0,(anonymous_553)
FNDA:0,(anonymous_554)
FNDA:0,(anonymous_555)
FNDA:0,(anonymous_556)
FNDA:0,(anonymous_557)
FNDA:0,(anonymous_558)
FNDA:0,(anonymous_559)
FNDA:0,(anonymous_560)
FNDA:0,(anonymous_561)
FNDA:0,(anonymous_562)
FNDA:0,(anonymous_563)
FNDA:0,(anonymous_564)
FNDA:0,(anonymous_565)
FNDA:0,(anonymous_566)
FNDA:0,(anonymous_567)
FNDA:0,(anonymous_568)
FNDA:0,(anonymous_569)
FNDA:0,(anonymous_570)
FNDA:0,(anonymous_571)
FNDA:0,(anonymous_572)
FNDA:0,(anonymous_573)
FNDA:0,(anonymous_574)
FNDA:0,(anonymous_575)
FNDA:0,(anonymous_576)
FNDA:0,(anonymous_577)
FNDA:0,(anonymous_578)
FNDA:0,(anonymous_579)
FNDA:0,(anonymous_580)
FNDA:0,(anonymous_581)
FNDA:0,(anonymous_582)
FNDA:0,(anonymous_583)
FNDA:0,(anonymous_584)
FNDA:0,(anonymous_585)
FNDA:0,(anonymous_586)
FNDA:0,(anonymous_587)
FNDA:0,(anonymous_588)
FNDA:0,(anonymous_589)
FNDA:0,(anonymous_590)
FNDA:0,(anonymous_591)
DA:2,0
LF:1
LH:0
BRDA:2,0,0,0
BRDA:2,0,1,0
BRDA:2,1,0,0
BRDA:2,1,1,0
BRDA:2,2,0,0
BRDA:2,2,1,0
BRDA:2,3,0,0
BRDA:2,3,1,0
BRDA:2,4,0,0
BRDA:2,4,1,0
BRDA:2,5,0,0
BRDA:2,5,1,0
BRDA:2,6,0,0
BRDA:2,6,1,0
BRDA:2,7,0,0
BRDA:2,7,1,0
BRDA:2,8,0,0
BRDA:2,8,1,0
BRDA:2,9,0,0
BRDA:2,9,1,0
BRDA:2,10,0,0
BRDA:2,10,1,0
BRDA:2,11,0,0
BRDA:2,11,1,0
BRDA:2,12,0,0
BRDA:2,12,1,0
BRDA:2,13,0,0
BRDA:2,13,1,0
BRDA:2,14,0,0
BRDA:2,14,1,0
BRDA:2,15,0,0
BRDA:2,15,1,0
BRDA:2,16,0,0
BRDA:2,16,1,0
BRDA:2,17,0,0
BRDA:2,17,1,0
BRDA:2,18,0,0
BRDA:2,18,1,0
BRDA:2,19,0,0
BRDA:2,19,1,0
BRDA:2,20,0,0
BRDA:2,20,1,0
BRDA:2,21,0,0
BRDA:2,21,1,0
BRDA:2,22,0,0
BRDA:2,22,1,0
BRDA:2,23,0,0
BRDA:2,23,1,0
BRDA:2,23,2,0
BRDA:2,24,0,0
BRDA:2,24,1,0
BRDA:2,25,0,0
BRDA:2,25,1,0
BRDA:2,26,0,0
BRDA:2,26,1,0
BRDA:2,27,0,0
BRDA:2,27,1,0
BRDA:2,28,0,0
BRDA:2,28,1,0
BRDA:2,28,2,0
BRDA:2,28,3,0
BRDA:2,29,0,0
BRDA:2,29,1,0
BRDA:2,30,0,0
BRDA:2,30,1,0
BRDA:2,31,0,0
BRDA:2,31,1,0
BRDA:2,32,0,0
BRDA:2,32,1,0
BRDA:2,33,0,0
BRDA:2,33,1,0
BRDA:2,34,0,0
BRDA:2,34,1,0
BRDA:2,35,0,0
BRDA:2,35,1,0
BRDA:2,35,2,0
BRDA:2,35,3,0
BRDA:2,36,0,0
BRDA:2,36,1,0
BRDA:2,37,0,0
BRDA:2,37,1,0
BRDA:2,38,0,0
BRDA:2,38,1,0
BRDA:2,39,0,0
BRDA:2,39,1,0
BRDA:2,40,0,0
BRDA:2,40,1,0
BRDA:2,41,0,0
BRDA:2,41,1,0
BRDA:2,42,0,0
BRDA:2,42,1,0
BRDA:2,43,0,0
BRDA:2,43,1,0
BRDA:2,44,0,0
BRDA:2,44,1,0
BRDA:2,45,0,0
BRDA:2,45,1,0
BRDA:2,46,0,0
BRDA:2,46,1,0
BRDA:2,47,0,0
BRDA:2,47,1,0
BRDA:2,48,0,0
BRDA:2,48,1,0
BRDA:2,49,0,0
BRDA:2,49,1,0
BRDA:2,50,0,0
BRDA:2,50,1,0
BRDA:2,51,0,0
BRDA:2,51,1,0
BRDA:2,52,0,0
BRDA:2,52,1,0
BRDA:2,52,2,0
BRDA:2,53,0,0
BRDA:2,53,1,0
BRDA:2,53,2,0
BRDA:2,53,3,0
BRDA:2,53,4,0
BRDA:2,53,5,0
BRDA:2,53,6,0
BRDA:2,54,0,0
BRDA:2,54,1,0
BRDA:2,55,0,0
BRDA:2,55,1,0
BRDA:2,56,0,0
BRDA:2,56,1,0
BRDA:2,57,0,0
BRDA:2,57,1,0
BRDA:2,58,0,0
BRDA:2,58,1,0
BRDA:2,59,0,0
BRDA:2,59,1,0
BRDA:2,60,0,0
BRDA:2,60,1,0
BRDA:2,61,0,0
BRDA:2,61,1,0
BRDA:2,61,2,0
BRDA:2,62,0,0
BRDA:2,62,1,0
BRDA:2,63,0,0
BRDA:2,63,1,0
BRDA:2,64,0,0
BRDA:2,64,1,0
BRDA:2,65,0,0
BRDA:2,65,1,0
BRDA:2,66,0,0
BRDA:2,66,1,0
BRDA:2,67,0,0
BRDA:2,67,1,0
BRDA:2,67,2,0
BRDA:2,67,3,0
BRDA:2,67,4,0
BRDA:2,68,0,0
BRDA:2,68,1,0
BRDA:2,69,0,0
BRDA:2,69,1,0
BRDA:2,70,0,0
BRDA:2,70,1,0
BRDA:2,71,0,0
BRDA:2,71,1,0
BRDA:2,72,0,0
BRDA:2,72,1,0
BRDA:2,73,0,0
BRDA:2,73,1,0
BRDA:2,74,0,0
BRDA:2,74,1,0
BRDA:2,75,0,0
BRDA:2,75,1,0
BRDA:2,76,0,0
BRDA:2,76,1,0
BRDA:2,77,0,0
BRDA:2,77,1,0
BRDA:2,78,0,0
BRDA:2,78,1,0
BRDA:2,79,0,0
BRDA:2,79,1,0
BRDA:2,80,0,0
BRDA:2,80,1,0
BRDA:2,81,0,0
BRDA:2,81,1,0
BRDA:2,81,2,0
BRDA:2,81,3,0
BRDA:2,82,0,0
BRDA:2,82,1,0
BRDA:2,83,0,0
BRDA:2,83,1,0
BRDA:2,84,0,0
BRDA:2,84,1,0
BRDA:2,84,2,0
BRDA:2,85,0,0
BRDA:2,85,1,0
BRDA:2,86,0,0
BRDA:2,86,1,0
BRDA:2,86,2,0
BRDA:2,86,3,0
BRDA:2,87,0,0
BRDA:2,87,1,0
BRDA:2,88,0,0
BRDA:2,88,1,0
BRDA:2,89,0,0
BRDA:2,89,1,0
BRDA:2,90,0,0
BRDA:2,90,1,0
BRDA:2,90,2,0
BRDA:2,91,0,0
BRDA:2,91,1,0
BRDA:2,92,0,0
BRDA:2,92,1,0
BRDA:2,93,0,0
BRDA:2,93,1,0
BRDA:2,94,0,0
BRDA:2,94,1,0
BRDA:2,95,0,0
BRDA:2,95,1,0
BRDA:2,96,0,0
BRDA:2,96,1,0
BRDA:2,96,2,0
BRDA:2,96,3,0
BRDA:2,97,0,0
BRDA:2,97,1,0
BRDA:2,98,0,0
BRDA:2,98,1,0
BRDA:2,99,0,0
BRDA:2,99,1,0
BRDA:2,100,0,0
BRDA:2,100,1,0
BRDA:2,101,0,0
BRDA:2,101,1,0
BRDA:2,102,0,0
BRDA:2,102,1,0
BRDA:2,102,2,0
BRDA:2,103,0,0
BRDA:2,103,1,0
BRDA:2,104,0,0
BRDA:2,104,1,0
BRDA:2,105,0,0
BRDA:2,105,1,0
BRDA:2,106,0,0
BRDA:2,106,1,0
BRDA:2,107,0,0
BRDA:2,107,1,0
BRDA:2,108,0,0
BRDA:2,108,1,0
BRDA:2,108,2,0
BRDA:2,109,0,0
BRDA:2,109,1,0
BRDA:2,110,0,0
BRDA:2,110,1,0
BRDA:2,111,0,0
BRDA:2,111,1,0
BRDA:2,111,2,0
BRDA:2,112,0,0
BRDA:2,112,1,0
BRDA:2,113,0,0
BRDA:2,113,1,0
BRDA:2,114,0,0
BRDA:2,114,1,0
BRDA:2,115,0,0
BRDA:2,115,1,0
BRDA:2,116,0,0
BRDA:2,116,1,0
BRDA:2,117,0,0
BRDA:2,117,1,0
BRDA:2,118,0,0
BRDA:2,118,1,0
BRDA:2,118,2,0
BRDA:2,119,0,0
BRDA:2,119,1,0
BRDA:2,119,2,0
BRDA:2,119,3,0
BRDA:2,120,0,0
BRDA:2,120,1,0
BRDA:2,121,0,0
BRDA:2,121,1,0
BRDA:2,122,0,0
BRDA:2,122,1,0
BRDA:2,123,0,0
BRDA:2,123,1,0
BRDA:2,124,0,0
BRDA:2,124,1,0
BRDA:2,125,0,0
BRDA:2,125,1,0
BRDA:2,126,0,0
BRDA:2,126,1,0
BRDA:2,127,0,0
BRDA:2,127,1,0
BRDA:2,128,0,0
BRDA:2,128,1,0
BRDA:2,129,0,0
BRDA:2,129,1,0
BRDA:2,130,0,0
BRDA:2,130,1,0
BRDA:2,131,0,0
BRDA:2,131,1,0
BRDA:2,132,0,0
BRDA:2,132,1,0
BRDA:2,133,0,0
BRDA:2,133,1,0
BRDA:2,134,0,0
BRDA:2,134,1,0
BRDA:2,135,0,0
BRDA:2,135,1,0
BRDA:2,136,0,0
BRDA:2,136,1,0
BRDA:2,137,0,0
BRDA:2,137,1,0
BRDA:2,138,0,0
BRDA:2,138,1,0
BRDA:2,139,0,0
BRDA:2,139,1,0
BRDA:2,140,0,0
BRDA:2,140,1,0
BRDA:2,141,0,0
BRDA:2,141,1,0
BRDA:2,142,0,0
BRDA:2,142,1,0
BRDA:2,143,0,0
BRDA:2,143,1,0
BRDA:2,144,0,0
BRDA:2,144,1,0
BRDA:2,145,0,0
BRDA:2,145,1,0
BRDA:2,146,0,0
BRDA:2,146,1,0
BRDA:2,147,0,0
BRDA:2,147,1,0
BRDA:2,148,0,0
BRDA:2,148,1,0
BRDA:2,149,0,0
BRDA:2,149,1,0
BRDA:2,150,0,0
BRDA:2,150,1,0
BRDA:2,151,0,0
BRDA:2,151,1,0
BRDA:2,152,0,0
BRDA:2,152,1,0
BRDA:2,153,0,0
BRDA:2,153,1,0
BRDA:2,154,0,0
BRDA:2,154,1,0
BRDA:2,154,2,0
BRDA:2,154,3,0
BRDA:2,154,4,0
BRDA:2,155,0,0
BRDA:2,155,1,0
BRDA:2,156,0,0
BRDA:2,156,1,0
BRDA:2,157,0,0
BRDA:2,157,1,0
BRDA:2,158,0,0
BRDA:2,158,1,0
BRDA:2,159,0,0
BRDA:2,159,1,0
BRDA:2,160,0,0
BRDA:2,160,1,0
BRDA:2,161,0,0
BRDA:2,161,1,0
BRDA:2,162,0,0
BRDA:2,162,1,0
BRDA:2,162,2,0
BRDA:2,163,0,0
BRDA:2,163,1,0
BRDA:2,164,0,0
BRDA:2,164,1,0
BRDA:2,165,0,0
BRDA:2,165,1,0
BRDA:2,166,0,0
BRDA:2,166,1,0
BRDA:2,167,0,0
BRDA:2,167,1,0
BRDA:2,168,0,0
BRDA:2,168,1,0
BRDA:2,169,0,0
BRDA:2,169,1,0
BRDA:2,170,0,0
BRDA:2,170,1,0
BRDA:2,171,0,0
BRDA:2,171,1,0
BRDA:2,171,2,0
BRDA:2,172,0,0
BRDA:2,172,1,0
BRDA:2,173,0,0
BRDA:2,173,1,0
BRDA:2,174,0,0
BRDA:2,174,1,0
BRDA:2,175,0,0
BRDA:2,175,1,0
BRDA:2,176,0,0
BRDA:2,176,1,0
BRDA:2,176,2,0
BRDA:2,177,0,0
BRDA:2,177,1,0
BRDA:2,178,0,0
BRDA:2,178,1,0
BRDA:2,178,2,0
BRDA:2,179,0,0
BRDA:2,179,1,0
BRDA:2,180,0,0
BRDA:2,180,1,0
BRDA:2,181,0,0
BRDA:2,181,1,0
BRDA:2,182,0,0
BRDA:2,182,1,0
BRDA:2,183,0,0
BRDA:2,183,1,0
BRDA:2,184,0,0
BRDA:2,184,1,0
BRDA:2,185,0,0
BRDA:2,185,1,0
BRDA:2,186,0,0
BRDA:2,186,1,0
BRDA:2,187,0,0
BRDA:2,187,1,0
BRDA:2,188,0,0
BRDA:2,188,1,0
BRDA:2,189,0,0
BRDA:2,189,1,0
BRDA:2,190,0,0
BRDA:2,190,1,0
BRDA:2,191,0,0
BRDA:2,191,1,0
BRDA:2,192,0,0
BRDA:2,192,1,0
BRDA:2,193,0,0
BRDA:2,193,1,0
BRDA:2,194,0,0
BRDA:2,194,1,0
BRDA:2,195,0,0
BRDA:2,195,1,0
BRDA:2,196,0,0
BRDA:2,196,1,0
BRDA:2,196,2,0
BRDA:2,196,3,0
BRDA:2,196,4,0
BRDA:2,196,5,0
BRDA:2,196,6,0
BRDA:2,197,0,0
BRDA:2,197,1,0
BRDA:2,198,0,0
BRDA:2,198,1,0
BRDA:2,198,2,0
BRDA:2,198,3,0
BRDA:2,199,0,0
BRDA:2,199,1,0
BRDA:2,200,0,0
BRDA:2,200,1,0
BRDA:2,201,0,0
BRDA:2,201,1,0
BRDA:2,202,0,0
BRDA:2,202,1,0
BRDA:2,203,0,0
BRDA:2,203,1,0
BRDA:2,204,0,0
BRDA:2,204,1,0
BRDA:2,205,0,0
BRDA:2,205,1,0
BRDA:2,206,0,0
BRDA:2,206,1,0
BRDA:2,207,0,0
BRDA:2,207,1,0
BRDA:2,208,0,0
BRDA:2,208,1,0
BRDA:2,209,0,0
BRDA:2,209,1,0
BRDA:2,210,0,0
BRDA:2,210,1,0
BRDA:2,211,0,0
BRDA:2,211,1,0
BRDA:2,212,0,0
BRDA:2,212,1,0
BRDA:2,213,0,0
BRDA:2,213,1,0
BRDA:2,214,0,0
BRDA:2,214,1,0
BRDA:2,215,0,0
BRDA:2,215,1,0
BRDA:2,215,2,0
BRDA:2,216,0,0
BRDA:2,216,1,0
BRDA:2,217,0,0
BRDA:2,217,1,0
BRDA:2,218,0,0
BRDA:2,218,1,0
BRDA:2,219,0,0
BRDA:2,219,1,0
BRDA:2,219,2,0
BRDA:2,219,3,0
BRDA:2,220,0,0
BRDA:2,220,1,0
BRDA:2,221,0,0
BRDA:2,221,1,0
BRDA:2,222,0,0
BRDA:2,222,1,0
BRDA:2,223,0,0
BRDA:2,223,1,0
BRDA:2,224,0,0
BRDA:2,224,1,0
BRDA:2,225,0,0
BRDA:2,225,1,0
BRDA:2,226,0,0
BRDA:2,226,1,0
BRDA:2,227,0,0
BRDA:2,227,1,0
BRDA:2,228,0,0
BRDA:2,228,1,0
BRDA:2,229,0,0
BRDA:2,229,1,0
BRDA:2,230,0,0
BRDA:2,230,1,0
BRDA:2,231,0,0
BRDA:2,231,1,0
BRDA:2,231,2,0
BRDA:2,232,0,0
BRDA:2,232,1,0
BRDA:2,232,2,0
BRDA:2,232,3,0
BRDA:2,232,4,0
BRDA:2,233,0,0
BRDA:2,233,1,0
BRDA:2,234,0,0
BRDA:2,234,1,0
BRDA:2,235,0,0
BRDA:2,235,1,0
BRDA:2,235,2,0
BRDA:2,236,0,0
BRDA:2,236,1,0
BRDA:2,236,2,0
BRDA:2,236,3,0
BRDA:2,236,4,0
BRDA:2,237,0,0
BRDA:2,237,1,0
BRDA:2,238,0,0
BRDA:2,238,1,0
BRDA:2,239,0,0
BRDA:2,239,1,0
BRDA:2,240,0,0
BRDA:2,240,1,0
BRDA:2,241,0,0
BRDA:2,241,1,0
BRDA:2,242,0,0
BRDA:2,242,1,0
BRDA:2,243,0,0
BRDA:2,243,1,0
BRDA:2,244,0,0
BRDA:2,244,1,0
BRDA:2,245,0,0
BRDA:2,245,1,0
BRDA:2,246,0,0
BRDA:2,246,1,0
BRDA:2,247,0,0
BRDA:2,247,1,0
BRDA:2,248,0,0
BRDA:2,248,1,0
BRDA:2,248,2,0
BRDA:2,249,0,0
BRDA:2,249,1,0
BRDA:2,250,0,0
BRDA:2,250,1,0
BRDA:2,251,0,0
BRDA:2,251,1,0
BRDA:2,252,0,0
BRDA:2,252,1,0
BRDA:2,253,0,0
BRDA:2,253,1,0
BRDA:2,254,0,0
BRDA:2,254,1,0
BRDA:2,255,0,0
BRDA:2,255,1,0
BRDA:2,256,0,0
BRDA:2,256,1,0
BRDA:2,257,0,0
BRDA:2,257,1,0
BRDA:2,258,0,0
BRDA:2,258,1,0
BRDA:2,258,2,0
BRDA:2,259,0,0
BRDA:2,259,1,0
BRDA:2,260,0,0
BRDA:2,260,1,0
BRDA:2,261,0,0
BRDA:2,261,1,0
BRDA:2,262,0,0
BRDA:2,262,1,0
BRDA:2,263,0,0
BRDA:2,263,1,0
BRDA:2,264,0,0
BRDA:2,264,1,0
BRDA:2,265,0,0
BRDA:2,265,1,0
BRDA:2,266,0,0
BRDA:2,266,1,0
BRDA:2,267,0,0
BRDA:2,267,1,0
BRDA:2,268,0,0
BRDA:2,268,1,0
BRDA:2,268,2,0
BRDA:2,268,3,0
BRDA:2,268,4,0
BRDA:2,269,0,0
BRDA:2,269,1,0
BRDA:2,270,0,0
BRDA:2,270,1,0
BRDA:2,270,2,0
BRDA:2,271,0,0
BRDA:2,271,1,0
BRDA:2,272,0,0
BRDA:2,272,1,0
BRDA:2,273,0,0
BRDA:2,273,1,0
BRDA:2,274,0,0
BRDA:2,274,1,0
BRDA:2,275,0,0
BRDA:2,275,1,0
BRDA:2,276,0,0
BRDA:2,276,1,0
BRDA:2,277,0,0
BRDA:2,277,1,0
BRDA:2,277,2,0
BRDA:2,277,3,0
BRDA:2,277,4,0
BRDA:2,278,0,0
BRDA:2,278,1,0
BRDA:2,279,0,0
BRDA:2,279,1,0
BRDA:2,279,2,0
BRDA:2,280,0,0
BRDA:2,280,1,0
BRDA:2,281,0,0
BRDA:2,281,1,0
BRDA:2,282,0,0
BRDA:2,282,1,0
BRDA:2,283,0,0
BRDA:2,283,1,0
BRDA:2,284,0,0
BRDA:2,284,1,0
BRDA:2,284,2,0
BRDA:2,285,0,0
BRDA:2,285,1,0
BRDA:2,285,2,0
BRDA:2,286,0,0
BRDA:2,286,1,0
BRDA:2,287,0,0
BRDA:2,287,1,0
BRDA:2,288,0,0
BRDA:2,288,1,0
BRDA:2,289,0,0
BRDA:2,289,1,0
BRDA:2,290,0,0
BRDA:2,290,1,0
BRDA:2,291,0,0
BRDA:2,291,1,0
BRDA:2,291,2,0
BRDA:2,292,0,0
BRDA:2,292,1,0
BRDA:2,293,0,0
BRDA:2,293,1,0
BRDA:2,294,0,0
BRDA:2,294,1,0
BRDA:2,295,0,0
BRDA:2,295,1,0
BRDA:2,296,0,0
BRDA:2,296,1,0
BRDA:2,297,0,0
BRDA:2,297,1,0
BRDA:2,298,0,0
BRDA:2,298,1,0
BRDA:2,299,0,0
BRDA:2,299,1,0
BRDA:2,300,0,0
BRDA:2,300,1,0
BRDA:2,301,0,0
BRDA:2,301,1,0
BRDA:2,301,2,0
BRDA:2,301,3,0
BRDA:2,302,0,0
BRDA:2,302,1,0
BRDA:2,302,2,0
BRDA:2,303,0,0
BRDA:2,303,1,0
BRDA:2,303,2,0
BRDA:2,303,3,0
BRDA:2,304,0,0
BRDA:2,304,1,0
BRDA:2,305,0,0
BRDA:2,305,1,0
BRDA:2,306,0,0
BRDA:2,306,1,0
BRDA:2,306,2,0
BRDA:2,307,0,0
BRDA:2,307,1,0
BRDA:2,307,2,0
BRDA:2,307,3,0
BRDA:2,308,0,0
BRDA:2,308,1,0
BRDA:2,309,0,0
BRDA:2,309,1,0
BRDA:2,310,0,0
BRDA:2,310,1,0
BRDA:2,311,0,0
BRDA:2,311,1,0
BRDA:2,311,2,0
BRDA:2,312,0,0
BRDA:2,312,1,0
BRDA:2,313,0,0
BRDA:2,313,1,0
BRDA:2,314,0,0
BRDA:2,314,1,0
BRDA:2,315,0,0
BRDA:2,315,1,0
BRDA:2,315,2,0
BRDA:2,315,3,0
BRDA:2,316,0,0
BRDA:2,316,1,0
BRDA:2,317,0,0
BRDA:2,317,1,0
BRDA:2,318,0,0
BRDA:2,318,1,0
BRDA:2,319,0,0
BRDA:2,319,1,0
BRDA:2,320,0,0
BRDA:2,320,1,0
BRDA:2,321,0,0
BRDA:2,321,1,0
BRDA:2,322,0,0
BRDA:2,322,1,0
BRDA:2,323,0,0
BRDA:2,323,1,0
BRDA:2,324,0,0
BRDA:2,324,1,0
BRDA:2,325,0,0
BRDA:2,325,1,0
BRDA:2,326,0,0
BRDA:2,326,1,0
BRDA:2,326,2,0
BRDA:2,327,0,0
BRDA:2,327,1,0
BRDA:2,328,0,0
BRDA:2,328,1,0
BRDA:2,329,0,0
BRDA:2,329,1,0
BRDA:2,330,0,0
BRDA:2,330,1,0
BRDA:2,331,0,0
BRDA:2,331,1,0
BRDA:2,332,0,0
BRDA:2,332,1,0
BRDA:2,333,0,0
BRDA:2,333,1,0
BRDA:2,334,0,0
BRDA:2,334,1,0
BRDA:2,335,0,0
BRDA:2,335,1,0
BRDA:2,335,2,0
BRDA:2,336,0,0
BRDA:2,336,1,0
BRDA:2,337,0,0
BRDA:2,337,1,0
BRDA:2,338,0,0
BRDA:2,338,1,0
BRDA:2,339,0,0
BRDA:2,339,1,0
BRDA:2,339,2,0
BRDA:2,339,3,0
BRDA:2,340,0,0
BRDA:2,340,1,0
BRDA:2,341,0,0
BRDA:2,341,1,0
BRDA:2,341,2,0
BRDA:2,342,0,0
BRDA:2,342,1,0
BRDA:2,342,2,0
BRDA:2,343,0,0
BRDA:2,343,1,0
BRDA:2,344,0,0
BRDA:2,344,1,0
BRDA:2,345,0,0
BRDA:2,345,1,0
BRDA:2,346,0,0
BRDA:2,346,1,0
BRDA:2,347,0,0
BRDA:2,347,1,0
BRDA:2,347,2,0
BRDA:2,348,0,0
BRDA:2,348,1,0
BRDA:2,349,0,0
BRDA:2,349,1,0
BRDA:2,350,0,0
BRDA:2,350,1,0
BRDA:2,351,0,0
BRDA:2,351,1,0
BRDA:2,352,0,0
BRDA:2,352,1,0
BRDA:2,353,0,0
BRDA:2,353,1,0
BRDA:2,354,0,0
BRDA:2,354,1,0
BRDA:2,355,0,0
BRDA:2,355,1,0
BRDA:2,356,0,0
BRDA:2,356,1,0
BRDA:2,357,0,0
BRDA:2,357,1,0
BRDA:2,358,0,0
BRDA:2,358,1,0
BRDA:2,359,0,0
BRDA:2,359,1,0
BRDA:2,360,0,0
BRDA:2,360,1,0
BRDA:2,361,0,0
BRDA:2,361,1,0
BRDA:2,361,2,0
BRDA:2,362,0,0
BRDA:2,362,1,0
BRDA:2,363,0,0
BRDA:2,363,1,0
BRDA:2,364,0,0
BRDA:2,364,1,0
BRDA:2,365,0,0
BRDA:2,365,1,0
BRDA:2,366,0,0
BRDA:2,366,1,0
BRDA:2,367,0,0
BRDA:2,367,1,0
BRDA:2,368,0,0
BRDA:2,368,1,0
BRDA:2,369,0,0
BRDA:2,369,1,0
BRDA:2,370,0,0
BRDA:2,370,1,0
BRDA:2,371,0,0
BRDA:2,371,1,0
BRDA:2,372,0,0
BRDA:2,372,1,0
BRDA:2,373,0,0
BRDA:2,373,1,0
BRDA:2,374,0,0
BRDA:2,374,1,0
BRDA:2,375,0,0
BRDA:2,375,1,0
BRDA:2,375,2,0
BRDA:2,376,0,0
BRDA:2,376,1,0
BRDA:2,377,0,0
BRDA:2,377,1,0
BRDA:2,378,0,0
BRDA:2,378,1,0
BRDA:2,379,0,0
BRDA:2,379,1,0
BRDA:2,380,0,0
BRDA:2,380,1,0
BRDA:2,381,0,0
BRDA:2,381,1,0
BRDA:2,381,2,0
BRDA:2,382,0,0
BRDA:2,382,1,0
BRDA:2,383,0,0
BRDA:2,383,1,0
BRDA:2,384,0,0
BRDA:2,384,1,0
BRDA:2,385,0,0
BRDA:2,385,1,0
BRDA:2,386,0,0
BRDA:2,386,1,0
BRDA:2,387,0,0
BRDA:2,387,1,0
BRDA:2,388,0,0
BRDA:2,388,1,0
BRDA:2,389,0,0
BRDA:2,389,1,0
BRDA:2,390,0,0
BRDA:2,390,1,0
BRDA:2,391,0,0
BRDA:2,391,1,0
BRDA:2,392,0,0
BRDA:2,392,1,0
BRDA:2,393,0,0
BRDA:2,393,1,0
BRDA:2,393,2,0
BRDA:2,394,0,0
BRDA:2,394,1,0
BRDA:2,394,2,0
BRDA:2,394,3,0
BRDA:2,394,4,0
BRDA:2,395,0,0
BRDA:2,395,1,0
BRDA:2,396,0,0
BRDA:2,396,1,0
BRDA:2,397,0,0
BRDA:2,397,1,0
BRDA:2,398,0,0
BRDA:2,398,1,0
BRDA:2,399,0,0
BRDA:2,399,1,0
BRDA:2,400,0,0
BRDA:2,400,1,0
BRDA:2,401,0,0
BRDA:2,401,1,0
BRDA:2,402,0,0
BRDA:2,402,1,0
BRDA:2,403,0,0
BRDA:2,403,1,0
BRDA:2,404,0,0
BRDA:2,404,1,0
BRDA:2,405,0,0
BRDA:2,405,1,0
BRDA:2,406,0,0
BRDA:2,406,1,0
BRDA:2,406,2,0
BRDA:2,406,3,0
BRDA:2,406,4,0
BRDA:2,407,0,0
BRDA:2,407,1,0
BRDA:2,408,0,0
BRDA:2,408,1,0
BRDA:2,409,0,0
BRDA:2,409,1,0
BRDA:2,410,0,0
BRDA:2,410,1,0
BRDA:2,411,0,0
BRDA:2,411,1,0
BRDA:2,412,0,0
BRDA:2,412,1,0
BRDA:2,413,0,0
BRDA:2,413,1,0
BRDA:2,414,0,0
BRDA:2,414,1,0
BRDA:2,414,2,0
BRDA:2,415,0,0
BRDA:2,415,1,0
BRDA:2,416,0,0
BRDA:2,416,1,0
BRDA:2,417,0,0
BRDA:2,417,1,0
BRDA:2,418,0,0
BRDA:2,418,1,0
BRDA:2,418,2,0
BRDA:2,418,3,0
BRDA:2,419,0,0
BRDA:2,419,1,0
BRDA:2,420,0,0
BRDA:2,420,1,0
BRDA:2,421,0,0
BRDA:2,421,1,0
BRDA:2,422,0,0
BRDA:2,422,1,0
BRDA:2,422,2,0
BRDA:2,423,0,0
BRDA:2,423,1,0
BRDA:2,424,0,0
BRDA:2,424,1,0
BRDA:2,425,0,0
BRDA:2,425,1,0
BRDA:2,426,0,0
BRDA:2,426,1,0
BRDA:2,427,0,0
BRDA:2,427,1,0
BRDA:2,428,0,0
BRDA:2,428,1,0
BRDA:2,429,0,0
BRDA:2,429,1,0
BRDA:2,430,0,0
BRDA:2,430,1,0
BRDA:2,431,0,0
BRDA:2,431,1,0
BRDA:2,432,0,0
BRDA:2,432,1,0
BRDA:2,433,0,0
BRDA:2,433,1,0
BRDA:2,434,0,0
BRDA:2,434,1,0
BRDA:2,434,2,0
BRDA:2,435,0,0
BRDA:2,435,1,0
BRDA:2,436,0,0
BRDA:2,436,1,0
BRDA:2,437,0,0
BRDA:2,437,1,0
BRDA:2,438,0,0
BRDA:2,438,1,0
BRDA:2,439,0,0
BRDA:2,439,1,0
BRDA:2,440,0,0
BRDA:2,440,1,0
BRDA:2,441,0,0
BRDA:2,441,1,0
BRDA:2,442,0,0
BRDA:2,442,1,0
BRDA:2,443,0,0
BRDA:2,443,1,0
BRDA:2,444,0,0
BRDA:2,444,1,0
BRDA:2,445,0,0
BRDA:2,445,1,0
BRDA:2,446,0,0
BRDA:2,446,1,0
BRDA:2,447,0,0
BRDA:2,447,1,0
BRDA:2,448,0,0
BRDA:2,448,1,0
BRDA:2,449,0,0
BRDA:2,449,1,0
BRDA:2,450,0,0
BRDA:2,450,1,0
BRDA:2,451,0,0
BRDA:2,451,1,0
BRDA:2,452,0,0
BRDA:2,452,1,0
BRDA:2,453,0,0
BRDA:2,453,1,0
BRDA:2,454,0,0
BRDA:2,454,1,0
BRDA:2,455,0,0
BRDA:2,455,1,0
BRDA:2,455,2,0
BRDA:2,456,0,0
BRDA:2,456,1,0
BRDA:2,457,0,0
BRDA:2,457,1,0
BRDA:2,457,2,0
BRDA:2,458,0,0
BRDA:2,458,1,0
BRDA:2,459,0,0
BRDA:2,459,1,0
BRDA:2,460,0,0
BRDA:2,460,1,0
BRDA:2,461,0,0
BRDA:2,461,1,0
BRDA:2,462,0,0
BRDA:2,462,1,0
BRDA:2,463,0,0
BRDA:2,463,1,0
BRDA:2,464,0,0
BRDA:2,464,1,0
BRDA:2,465,0,0
BRDA:2,465,1,0
BRDA:2,466,0,0
BRDA:2,466,1,0
BRDA:2,467,0,0
BRDA:2,467,1,0
BRDA:2,468,0,0
BRDA:2,468,1,0
BRDA:2,469,0,0
BRDA:2,469,1,0
BRDA:2,470,0,0
BRDA:2,470,1,0
BRDA:2,471,0,0
BRDA:2,471,1,0
BRDA:2,472,0,0
BRDA:2,472,1,0
BRDA:2,473,0,0
BRDA:2,473,1,0
BRDA:2,474,0,0
BRDA:2,474,1,0
BRDA:2,475,0,0
BRDA:2,475,1,0
BRDA:2,476,0,0
BRDA:2,476,1,0
BRDA:2,477,0,0
BRDA:2,477,1,0
BRDA:2,478,0,0
BRDA:2,478,1,0
BRDA:2,479,0,0
BRDA:2,479,1,0
BRDA:2,480,0,0
BRDA:2,480,1,0
BRDA:2,481,0,0
BRDA:2,481,1,0
BRDA:2,482,0,0
BRDA:2,482,1,0
BRDA:2,483,0,0
BRDA:2,483,1,0
BRDA:2,484,0,0
BRDA:2,484,1,0
BRDA:2,485,0,0
BRDA:2,485,1,0
BRDA:2,486,0,0
BRDA:2,486,1,0
BRDA:2,487,0,0
BRDA:2,487,1,0
BRDA:2,488,0,0
BRDA:2,488,1,0
BRDA:2,489,0,0
BRDA:2,489,1,0
BRDA:2,490,0,0
BRDA:2,490,1,0
BRDA:2,491,0,0
BRDA:2,491,1,0
BRDA:2,492,0,0
BRDA:2,492,1,0
BRDA:2,493,0,0
BRDA:2,493,1,0
BRDA:2,494,0,0
BRDA:2,494,1,0
BRDA:2,495,0,0
BRDA:2,495,1,0
BRDA:2,496,0,0
BRDA:2,496,1,0
BRDA:2,496,2,0
BRDA:2,497,0,0
BRDA:2,497,1,0
BRDA:2,498,0,0
BRDA:2,498,1,0
BRDA:2,499,0,0
BRDA:2,499,1,0
BRDA:2,500,0,0
BRDA:2,500,1,0
BRDA:2,501,0,0
BRDA:2,501,1,0
BRDA:2,502,0,0
BRDA:2,502,1,0
BRDA:2,503,0,0
BRDA:2,503,1,0
BRDA:2,503,2,0
BRDA:2,504,0,0
BRDA:2,504,1,0
BRDA:2,505,0,0
BRDA:2,505,1,0
BRDA:2,506,0,0
BRDA:2,506,1,0
BRDA:2,507,0,0
BRDA:2,507,1,0
BRDA:2,508,0,0
BRDA:2,508,1,0
BRDA:2,508,2,0
BRDA:2,509,0,0
BRDA:2,509,1,0
BRDA:2,510,0,0
BRDA:2,510,1,0
BRDA:2,510,2,0
BRDA:2,511,0,0
BRDA:2,511,1,0
BRDA:2,511,2,0
BRDA:2,511,3,0
BRDA:2,512,0,0
BRDA:2,512,1,0
BRDA:2,512,2,0
BRDA:2,513,0,0
BRDA:2,513,1,0
BRDA:2,514,0,0
BRDA:2,514,1,0
BRDA:2,515,0,0
BRDA:2,515,1,0
BRDA:2,516,0,0
BRDA:2,516,1,0
BRDA:2,516,2,0
BRDA:2,517,0,0
BRDA:2,517,1,0
BRDA:2,518,0,0
BRDA:2,518,1,0
BRDA:2,519,0,0
BRDA:2,519,1,0
BRDA:2,520,0,0
BRDA:2,520,1,0
BRDA:2,521,0,0
BRDA:2,521,1,0
BRDA:2,522,0,0
BRDA:2,522,1,0
BRDA:2,523,0,0
BRDA:2,523,1,0
BRDA:2,524,0,0
BRDA:2,524,1,0
BRDA:2,525,0,0
BRDA:2,525,1,0
BRDA:2,526,0,0
BRDA:2,526,1,0
BRDA:2,527,0,0
BRDA:2,527,1,0
BRDA:2,528,0,0
BRDA:2,528,1,0
BRDA:2,529,0,0
BRDA:2,529,1,0
BRDA:2,530,0,0
BRDA:2,530,1,0
BRDA:2,531,0,0
BRDA:2,531,1,0
BRDA:2,532,0,0
BRDA:2,532,1,0
BRDA:2,532,2,0
BRDA:2,532,3,0
BRDA:2,533,0,0
BRDA:2,533,1,0
BRDA:2,534,0,0
BRDA:2,534,1,0
BRDA:2,535,0,0
BRDA:2,535,1,0
BRDA:2,536,0,0
BRDA:2,536,1,0
BRDA:2,537,0,0
BRDA:2,537,1,0
BRDA:2,538,0,0
BRDA:2,538,1,0
BRDA:2,539,0,0
BRDA:2,539,1,0
BRDA:2,540,0,0
BRDA:2,540,1,0
BRDA:2,541,0,0
BRDA:2,541,1,0
BRDA:2,542,0,0
BRDA:2,542,1,0
BRDA:2,543,0,0
BRDA:2,543,1,0
BRDA:2,544,0,0
BRDA:2,544,1,0
BRDA:2,545,0,0
BRDA:2,545,1,0
BRDA:2,546,0,0
BRDA:2,546,1,0
BRDA:2,547,0,0
BRDA:2,547,1,0
BRDA:2,548,0,0
BRDA:2,548,1,0
BRDA:2,549,0,0
BRDA:2,549,1,0
BRDA:2,550,0,0
BRDA:2,550,1,0
BRDA:2,551,0,0
BRDA:2,551,1,0
BRDA:2,552,0,0
BRDA:2,552,1,0
BRDA:2,553,0,0
BRDA:2,553,1,0
BRDA:2,554,0,0
BRDA:2,554,1,0
BRDA:2,555,0,0
BRDA:2,555,1,0
BRDA:2,556,0,0
BRDA:2,556,1,0
BRDA:2,556,2,0
BRDA:2,556,3,0
BRDA:2,556,4,0
BRDA:2,557,0,0
BRDA:2,557,1,0
BRDA:2,558,0,0
BRDA:2,558,1,0
BRDA:2,559,0,0
BRDA:2,559,1,0
BRDA:2,559,2,0
BRDA:2,560,0,0
BRDA:2,560,1,0
BRDA:2,561,0,0
BRDA:2,561,1,0
BRDA:2,561,2,0
BRDA:2,562,0,0
BRDA:2,562,1,0
BRDA:2,563,0,0
BRDA:2,563,1,0
BRDA:2,564,0,0
BRDA:2,564,1,0
BRDA:2,565,0,0
BRDA:2,565,1,0
BRDA:2,566,0,0
BRDA:2,566,1,0
BRDA:2,567,0,0
BRDA:2,567,1,0
BRDA:2,568,0,0
BRDA:2,568,1,0
BRDA:2,569,0,0
BRDA:2,569,1,0
BRDA:2,570,0,0
BRDA:2,570,1,0
BRDA:2,571,0,0
BRDA:2,571,1,0
BRDA:2,572,0,0
BRDA:2,572,1,0
BRDA:2,572,2,0
BRDA:2,573,0,0
BRDA:2,573,1,0
BRDA:2,574,0,0
BRDA:2,574,1,0
BRDA:2,575,0,0
BRDA:2,575,1,0
BRDA:2,576,0,0
BRDA:2,576,1,0
BRDA:2,577,0,0
BRDA:2,577,1,0
BRDA:2,578,0,0
BRDA:2,578,1,0
BRDA:2,579,0,0
BRDA:2,579,1,0
BRDA:2,580,0,0
BRDA:2,580,1,0
BRDA:2,580,2,0
BRDA:2,580,3,0
BRDA:2,581,0,0
BRDA:2,581,1,0
BRDA:2,582,0,0
BRDA:2,582,1,0
BRDA:2,583,0,0
BRDA:2,583,1,0
BRDA:2,584,0,0
BRDA:2,584,1,0
BRDA:2,585,0,0
BRDA:2,585,1,0
BRDA:2,586,0,0
BRDA:2,586,1,0
BRDA:2,587,0,0
BRDA:2,587,1,0
BRDA:2,587,2,0
BRDA:2,588,0,0
BRDA:2,588,1,0
BRDA:2,589,0,0
BRDA:2,589,1,0
BRDA:2,590,0,0
BRDA:2,590,1,0
BRDA:2,590,2,0
BRDA:2,591,0,0
BRDA:2,591,1,0
BRDA:2,592,0,0
BRDA:2,592,1,0
BRDA:2,593,0,0
BRDA:2,593,1,0
BRDA:2,594,0,0
BRDA:2,594,1,0
BRDA:2,595,0,0
BRDA:2,595,1,0
BRDA:2,596,0,0
BRDA:2,596,1,0
BRDA:2,597,0,0
BRDA:2,597,1,0
BRDA:2,598,0,0
BRDA:2,598,1,0
BRDA:2,599,0,0
BRDA:2,599,1,0
BRDA:2,600,0,0
BRDA:2,600,1,0
BRDA:2,601,0,0
BRDA:2,601,1,0
BRDA:2,602,0,0
BRDA:2,602,1,0
BRDA:2,603,0,0
BRDA:2,603,1,0
BRDA:2,603,2,0
BRDA:2,604,0,0
BRDA:2,604,1,0
BRDA:2,605,0,0
BRDA:2,605,1,0
BRDA:2,606,0,0
BRDA:2,606,1,0
BRDA:2,607,0,0
BRDA:2,607,1,0
BRDA:2,608,0,0
BRDA:2,608,1,0
BRDA:2,609,0,0
BRDA:2,609,1,0
BRDA:2,610,0,0
BRDA:2,610,1,0
BRDA:2,611,0,0
BRDA:2,611,1,0
BRDA:2,612,0,0
BRDA:2,612,1,0
BRDA:2,613,0,0
BRDA:2,613,1,0
BRDA:2,614,0,0
BRDA:2,614,1,0
BRDA:2,615,0,0
BRDA:2,615,1,0
BRDA:2,616,0,0
BRDA:2,616,1,0
BRDA:2,617,0,0
BRDA:2,617,1,0
BRDA:2,618,0,0
BRDA:2,618,1,0
BRDA:2,619,0,0
BRDA:2,619,1,0
BRDA:2,619,2,0
BRDA:2,620,0,0
BRDA:2,620,1,0
BRDA:2,621,0,0
BRDA:2,621,1,0
BRDA:2,622,0,0
BRDA:2,622,1,0
BRDA:2,623,0,0
BRDA:2,623,1,0
BRDA:2,624,0,0
BRDA:2,624,1,0
BRDA:2,624,2,0
BRDA:2,625,0,0
BRDA:2,625,1,0
BRDA:2,626,0,0
BRDA:2,626,1,0
BRDA:2,627,0,0
BRDA:2,627,1,0
BRDA:2,628,0,0
BRDA:2,628,1,0
BRDA:2,629,0,0
BRDA:2,629,1,0
BRDA:2,629,2,0
BRDA:2,630,0,0
BRDA:2,630,1,0
BRDA:2,630,2,0
BRDA:2,630,3,0
BRDA:2,631,0,0
BRDA:2,631,1,0
BRDA:2,632,0,0
BRDA:2,632,1,0
BRDA:2,633,0,0
BRDA:2,633,1,0
BRDA:2,634,0,0
BRDA:2,634,1,0
BRDA:2,634,2,0
BRDA:2,635,0,0
BRDA:2,635,1,0
BRDA:2,636,0,0
BRDA:2,636,1,0
BRDA:2,636,2,0
BRDA:2,636,3,0
BRDA:2,637,0,0
BRDA:2,637,1,0
BRDA:2,638,0,0
BRDA:2,638,1,0
BRDA:2,639,0,0
BRDA:2,639,1,0
BRDA:2,640,0,0
BRDA:2,640,1,0
BRDA:2,641,0,0
BRDA:2,641,1,0
BRDA:2,642,0,0
BRDA:2,642,1,0
BRDA:2,643,0,0
BRDA:2,643,1,0
BRDA:2,644,0,0
BRDA:2,644,1,0
BRDA:2,645,0,0
BRDA:2,645,1,0
BRDA:2,645,2,0
BRDA:2,646,0,0
BRDA:2,646,1,0
BRDA:2,647,0,0
BRDA:2,647,1,0
BRDA:2,648,0,0
BRDA:2,648,1,0
BRDA:2,649,0,0
BRDA:2,649,1,0
BRDA:2,650,0,0
BRDA:2,650,1,0
BRDA:2,651,0,0
BRDA:2,651,1,0
BRDA:2,652,0,0
BRDA:2,652,1,0
BRDA:2,653,0,0
BRDA:2,653,1,0
BRDA:2,654,0,0
BRDA:2,654,1,0
BRDA:2,655,0,0
BRDA:2,655,1,0
BRDA:2,655,2,0
BRDA:2,656,0,0
BRDA:2,656,1,0
BRDA:2,657,0,0
BRDA:2,657,1,0
BRDA:2,658,0,0
BRDA:2,658,1,0
BRDA:2,659,0,0
BRDA:2,659,1,0
BRDA:2,660,0,0
BRDA:2,660,1,0
BRDA:2,661,0,0
BRDA:2,661,1,0
BRDA:2,662,0,0
BRDA:2,662,1,0
BRDA:2,663,0,0
BRDA:2,663,1,0
BRDA:2,664,0,0
BRDA:2,664,1,0
BRDA:2,665,0,0
BRDA:2,665,1,0
BRDA:2,666,0,0
BRDA:2,666,1,0
BRDA:2,666,2,0
BRDA:2,667,0,0
BRDA:2,667,1,0
BRDA:2,668,0,0
BRDA:2,668,1,0
BRDA:2,669,0,0
BRDA:2,669,1,0
BRDA:2,670,0,0
BRDA:2,670,1,0
BRDA:2,671,0,0
BRDA:2,671,1,0
BRDA:2,672,0,0
BRDA:2,672,1,0
BRDA:2,673,0,0
BRDA:2,673,1,0
BRDA:2,674,0,0
BRDA:2,674,1,0
BRDA:2,675,0,0
BRDA:2,675,1,0
BRDA:2,676,0,0
BRDA:2,676,1,0
BRDA:2,677,0,0
BRDA:2,677,1,0
BRDA:2,678,0,0
BRDA:2,678,1,0
BRDA:2,679,0,0
BRDA:2,679,1,0
BRDA:2,680,0,0
BRDA:2,680,1,0
BRDA:2,681,0,0
BRDA:2,681,1,0
BRDA:2,682,0,0
BRDA:2,682,1,0
BRDA:2,683,0,0
BRDA:2,683,1,0
BRDA:2,684,0,0
BRDA:2,684,1,0
BRDA:2,685,0,0
BRDA:2,685,1,0
BRDA:2,686,0,0
BRDA:2,686,1,0
BRDA:2,687,0,0
BRDA:2,687,1,0
BRDA:2,688,0,0
BRDA:2,688,1,0
BRDA:2,689,0,0
BRDA:2,689,1,0
BRDA:2,690,0,0
BRDA:2,690,1,0
BRDA:2,691,0,0
BRDA:2,691,1,0
BRDA:2,692,0,0
BRDA:2,692,1,0
BRDA:2,693,0,0
BRDA:2,693,1,0
BRDA:2,694,0,0
BRDA:2,694,1,0
BRDA:2,695,0,0
BRDA:2,695,1,0
BRDA:2,696,0,0
BRDA:2,696,1,0
BRDA:2,697,0,0
BRDA:2,697,1,0
BRDA:2,698,0,0
BRDA:2,698,1,0
BRDA:2,699,0,0
BRDA:2,699,1,0
BRDA:2,700,0,0
BRDA:2,700,1,0
BRDA:2,701,0,0
BRDA:2,701,1,0
BRDA:2,702,0,0
BRDA:2,702,1,0
BRDA:2,703,0,0
BRDA:2,703,1,0
BRDA:2,704,0,0
BRDA:2,704,1,0
BRDA:2,705,0,0
BRDA:2,705,1,0
BRDA:2,706,0,0
BRDA:2,706,1,0
BRDA:2,707,0,0
BRDA:2,707,1,0
BRDA:2,708,0,0
BRDA:2,708,1,0
BRDA:2,709,0,0
BRDA:2,709,1,0
BRDA:2,710,0,0
BRDA:2,710,1,0
BRDA:2,711,0,0
BRDA:2,711,1,0
BRDA:2,712,0,0
BRDA:2,712,1,0
BRDA:2,713,0,0
BRDA:2,713,1,0
BRDA:2,713,2,0
BRDA:2,713,3,0
BRDA:2,714,0,0
BRDA:2,714,1,0
BRDA:2,715,0,0
BRDA:2,715,1,0
BRDA:2,716,0,0
BRDA:2,716,1,0
BRDA:2,717,0,0
BRDA:2,717,1,0
BRDA:2,718,0,0
BRDA:2,718,1,0
BRDA:2,719,0,0
BRDA:2,719,1,0
BRDA:2,720,0,0
BRDA:2,720,1,0
BRDA:2,721,0,0
BRDA:2,721,1,0
BRDA:2,722,0,0
BRDA:2,722,1,0
BRDA:2,723,0,0
BRDA:2,723,1,0
BRDA:2,724,0,0
BRDA:2,724,1,0
BRDA:2,725,0,0
BRDA:2,725,1,0
BRDA:2,726,0,0
BRDA:2,726,1,0
BRDA:2,727,0,0
BRDA:2,727,1,0
BRDA:2,728,0,0
BRDA:2,728,1,0
BRDA:2,729,0,0
BRDA:2,729,1,0
BRDA:2,730,0,0
BRDA:2,730,1,0
BRDA:2,730,2,0
BRDA:2,730,3,0
BRDA:2,730,4,0
BRDA:2,730,5,0
BRDA:2,730,6,0
BRDA:2,730,7,0
BRDA:2,730,8,0
BRDA:2,730,9,0
BRDA:2,730,10,0
BRDA:2,731,0,0
BRDA:2,731,1,0
BRDA:2,732,0,0
BRDA:2,732,1,0
BRDA:2,733,0,0
BRDA:2,733,1,0
BRDA:2,733,2,0
BRDA:2,734,0,0
BRDA:2,734,1,0
BRDA:2,734,2,0
BRDA:2,735,0,0
BRDA:2,735,1,0
BRDA:2,736,0,0
BRDA:2,736,1,0
BRDA:2,737,0,0
BRDA:2,737,1,0
BRDA:2,738,0,0
BRDA:2,738,1,0
BRDA:2,739,0,0
BRDA:2,739,1,0
BRDA:2,740,0,0
BRDA:2,740,1,0
BRDA:2,741,0,0
BRDA:2,741,1,0
BRDA:2,742,0,0
BRDA:2,742,1,0
BRDA:2,743,0,0
BRDA:2,743,1,0
BRDA:2,743,2,0
BRDA:2,744,0,0
BRDA:2,744,1,0
BRDA:2,744,2,0
BRDA:2,745,0,0
BRDA:2,745,1,0
BRDA:2,746,0,0
BRDA:2,746,1,0
BRDA:2,747,0,0
BRDA:2,747,1,0
BRDA:2,748,0,0
BRDA:2,748,1,0
BRDA:2,749,0,0
BRDA:2,749,1,0
BRDA:2,749,2,0
BRDA:2,750,0,0
BRDA:2,750,1,0
BRDA:2,751,0,0
BRDA:2,751,1,0
BRDA:2,752,0,0
BRDA:2,752,1,0
BRDA:2,753,0,0
BRDA:2,753,1,0
BRDA:2,753,2,0
BRDA:2,754,0,0
BRDA:2,754,1,0
BRDA:2,755,0,0
BRDA:2,755,1,0
BRDA:2,756,0,0
BRDA:2,756,1,0
BRDA:2,757,0,0
BRDA:2,757,1,0
BRDA:2,758,0,0
BRDA:2,758,1,0
BRDA:2,759,0,0
BRDA:2,759,1,0
BRDA:2,760,0,0
BRDA:2,760,1,0
BRDA:2,761,0,0
BRDA:2,761,1,0
BRDA:2,762,0,0
BRDA:2,762,1,0
BRDA:2,763,0,0
BRDA:2,763,1,0
BRDA:2,764,0,0
BRDA:2,764,1,0
BRDA:2,765,0,0
BRDA:2,765,1,0
BRDA:2,766,0,0
BRDA:2,766,1,0
BRDA:2,767,0,0
BRDA:2,767,1,0
BRDA:2,768,0,0
BRDA:2,768,1,0
BRDA:2,768,2,0
BRDA:2,769,0,0
BRDA:2,769,1,0
BRDA:2,769,2,0
BRDA:2,770,0,0
BRDA:2,770,1,0
BRDA:2,771,0,0
BRDA:2,771,1,0
BRDA:2,772,0,0
BRDA:2,772,1,0
BRDA:2,773,0,0
BRDA:2,773,1,0
BRDA:2,774,0,0
BRDA:2,774,1,0
BRDA:2,775,0,0
BRDA:2,775,1,0
BRDA:2,775,2,0
BRDA:2,776,0,0
BRDA:2,776,1,0
BRDA:2,777,0,0
BRDA:2,777,1,0
BRDA:2,778,0,0
BRDA:2,778,1,0
BRDA:2,779,0,0
BRDA:2,779,1,0
BRDA:2,779,2,0
BRDA:2,780,0,0
BRDA:2,780,1,0
BRDA:2,780,2,0
BRDA:2,781,0,0
BRDA:2,781,1,0
BRDA:2,781,2,0
BRDA:2,782,0,0
BRDA:2,782,1,0
BRDA:2,782,2,0
BRDA:2,783,0,0
BRDA:2,783,1,0
BRDA:2,784,0,0
BRDA:2,784,1,0
BRDA:2,785,0,0
BRDA:2,785,1,0
BRDA:2,786,0,0
BRDA:2,786,1,0
BRDA:2,787,0,0
BRDA:2,787,1,0
BRDA:2,787,2,0
BRDA:2,788,0,0
BRDA:2,788,1,0
BRDA:2,789,0,0
BRDA:2,789,1,0
BRDA:2,790,0,0
BRDA:2,790,1,0
BRDA:2,791,0,0
BRDA:2,791,1,0
BRDA:2,791,2,0
BRDA:2,791,3,0
BRDA:2,792,0,0
BRDA:2,792,1,0
BRDA:2,793,0,0
BRDA:2,793,1,0
BRDA:2,793,2,0
BRDA:2,794,0,0
BRDA:2,794,1,0
BRDA:2,795,0,0
BRDA:2,795,1,0
BRDA:2,796,0,0
BRDA:2,796,1,0
BRDA:2,796,2,0
BRDA:2,797,0,0
BRDA:2,797,1,0
BRDA:2,798,0,0
BRDA:2,798,1,0
BRDA:2,799,0,0
BRDA:2,799,1,0
BRDA:2,800,0,0
BRDA:2,800,1,0
BRDA:2,801,0,0
BRDA:2,801,1,0
BRDA:2,802,0,0
BRDA:2,802,1,0
BRDA:2,803,0,0
BRDA:2,803,1,0
BRDA:2,804,0,0
BRDA:2,804,1,0
BRDA:2,805,0,0
BRDA:2,805,1,0
BRDA:2,806,0,0
BRDA:2,806,1,0
BRDA:2,807,0,0
BRDA:2,807,1,0
BRDA:2,808,0,0
BRDA:2,808,1,0
BRDA:2,809,0,0
BRDA:2,809,1,0
BRDA:2,810,0,0
BRDA:2,810,1,0
BRDA:2,810,2,0
BRDA:2,811,0,0
BRDA:2,811,1,0
BRDA:2,812,0,0
BRDA:2,812,1,0
BRDA:2,812,2,0
BRDA:2,812,3,0
BRDA:2,812,4,0
BRDA:2,813,0,0
BRDA:2,813,1,0
BRDA:2,814,0,0
BRDA:2,814,1,0
BRDA:2,815,0,0
BRDA:2,815,1,0
BRDA:2,816,0,0
BRDA:2,816,1,0
BRDA:2,817,0,0
BRDA:2,817,1,0
BRDA:2,818,0,0
BRDA:2,818,1,0
BRDA:2,819,0,0
BRDA:2,819,1,0
BRDA:2,820,0,0
BRDA:2,820,1,0
BRDA:2,821,0,0
BRDA:2,821,1,0
BRDA:2,821,2,0
BRDA:2,821,3,0
BRDA:2,822,0,0
BRDA:2,822,1,0
BRDA:2,823,0,0
BRDA:2,823,1,0
BRDA:2,824,0,0
BRDA:2,824,1,0
BRDA:2,825,0,0
BRDA:2,825,1,0
BRDA:2,826,0,0
BRDA:2,826,1,0
BRDA:2,827,0,0
BRDA:2,827,1,0
BRDA:2,827,2,0
BRDA:2,828,0,0
BRDA:2,828,1,0
BRDA:2,829,0,0
BRDA:2,829,1,0
BRDA:2,829,2,0
BRDA:2,830,0,0
BRDA:2,830,1,0
BRDA:2,831,0,0
BRDA:2,831,1,0
BRDA:2,831,2,0
BRDA:2,831,3,0
BRDA:2,832,0,0
BRDA:2,832,1,0
BRDA:2,833,0,0
BRDA:2,833,1,0
BRDA:2,834,0,0
BRDA:2,834,1,0
BRDA:2,835,0,0
BRDA:2,835,1,0
BRDA:2,836,0,0
BRDA:2,836,1,0
BRDA:2,837,0,0
BRDA:2,837,1,0
BRDA:2,838,0,0
BRDA:2,838,1,0
BRDA:2,839,0,0
BRDA:2,839,1,0
BRDA:2,840,0,0
BRDA:2,840,1,0
BRDA:2,841,0,0
BRDA:2,841,1,0
BRDA:2,842,0,0
BRDA:2,842,1,0
BRDA:2,843,0,0
BRDA:2,843,1,0
BRDA:2,844,0,0
BRDA:2,844,1,0
BRDA:2,844,2,0
BRDA:2,844,3,0
BRDA:2,845,0,0
BRDA:2,845,1,0
BRDA:2,845,2,0
BRDA:2,845,3,0
BRDA:2,846,0,0
BRDA:2,846,1,0
BRDA:2,847,0,0
BRDA:2,847,1,0
BRDA:2,847,2,0
BRDA:2,848,0,0
BRDA:2,848,1,0
BRDA:2,849,0,0
BRDA:2,849,1,0
BRDA:2,850,0,0
BRDA:2,850,1,0
BRDA:2,851,0,0
BRDA:2,851,1,0
BRDA:2,852,0,0
BRDA:2,852,1,0
BRDA:2,853,0,0
BRDA:2,853,1,0
BRDA:2,854,0,0
BRDA:2,854,1,0
BRDA:2,855,0,0
BRDA:2,855,1,0
BRDA:2,856,0,0
BRDA:2,856,1,0
BRDA:2,857,0,0
BRDA:2,857,1,0
BRDA:2,857,2,0
BRDA:2,858,0,0
BRDA:2,858,1,0
BRDA:2,859,0,0
BRDA:2,859,1,0
BRDA:2,860,0,0
BRDA:2,860,1,0
BRDA:2,861,0,0
BRDA:2,861,1,0
BRDA:2,862,0,0
BRDA:2,862,1,0
BRDA:2,863,0,0
BRDA:2,863,1,0
BRDA:2,864,0,0
BRDA:2,864,1,0
BRDA:2,865,0,0
BRDA:2,865,1,0
BRDA:2,865,2,0
BRDA:2,866,0,0
BRDA:2,866,1,0
BRDA:2,867,0,0
BRDA:2,867,1,0
BRDA:2,868,0,0
BRDA:2,868,1,0
BRDA:2,869,0,0
BRDA:2,869,1,0
BRDA:2,870,0,0
BRDA:2,870,1,0
BRDA:2,871,0,0
BRDA:2,871,1,0
BRDA:2,871,2,0
BRDA:2,872,0,0
BRDA:2,872,1,0
BRDA:2,873,0,0
BRDA:2,873,1,0
BRDA:2,873,2,0
BRDA:2,873,3,0
BRDA:2,874,0,0
BRDA:2,874,1,0
BRDA:2,875,0,0
BRDA:2,875,1,0
BRDA:2,876,0,0
BRDA:2,876,1,0
BRDA:2,877,0,0
BRDA:2,877,1,0
BRDA:2,878,0,0
BRDA:2,878,1,0
BRDA:2,879,0,0
BRDA:2,879,1,0
BRDA:2,880,0,0
BRDA:2,880,1,0
BRDA:2,881,0,0
BRDA:2,881,1,0
BRDA:2,882,0,0
BRDA:2,882,1,0
BRDA:2,883,0,0
BRDA:2,883,1,0
BRDA:2,884,0,0
BRDA:2,884,1,0
BRDA:2,885,0,0
BRDA:2,885,1,0
BRDA:2,886,0,0
BRDA:2,886,1,0
BRDA:2,887,0,0
BRDA:2,887,1,0
BRDA:2,888,0,0
BRDA:2,888,1,0
BRDA:2,889,0,0
BRDA:2,889,1,0
BRDA:2,890,0,0
BRDA:2,890,1,0
BRDA:2,891,0,0
BRDA:2,891,1,0
BRDA:2,891,2,0
BRDA:2,892,0,0
BRDA:2,892,1,0
BRDA:2,893,0,0
BRDA:2,893,1,0
BRDA:2,894,0,0
BRDA:2,894,1,0
BRDA:2,894,2,0
BRDA:2,895,0,0
BRDA:2,895,1,0
BRDA:2,895,2,0
BRDA:2,895,3,0
BRDA:2,896,0,0
BRDA:2,896,1,0
BRDA:2,897,0,0
BRDA:2,897,1,0
BRDA:2,898,0,0
BRDA:2,898,1,0
BRDA:2,899,0,0
BRDA:2,899,1,0
BRDA:2,900,0,0
BRDA:2,900,1,0
BRDA:2,901,0,0
BRDA:2,901,1,0
BRDA:2,902,0,0
BRDA:2,902,1,0
BRDA:2,902,2,0
BRDA:2,902,3,0
BRDA:2,903,0,0
BRDA:2,903,1,0
BRDA:2,904,0,0
BRDA:2,904,1,0
BRDA:2,905,0,0
BRDA:2,905,1,0
BRDA:2,906,0,0
BRDA:2,906,1,0
BRDA:2,907,0,0
BRDA:2,907,1,0
BRDA:2,907,2,0
BRDA:2,908,0,0
BRDA:2,908,1,0
BRDA:2,908,2,0
BRDA:2,908,3,0
BRDA:2,909,0,0
BRDA:2,909,1,0
BRDA:2,909,2,0
BRDA:2,910,0,0
BRDA:2,910,1,0
BRDA:2,911,0,0
BRDA:2,911,1,0
BRDA:2,911,2,0
BRDA:2,912,0,0
BRDA:2,912,1,0
BRDA:2,913,0,0
BRDA:2,913,1,0
BRDA:2,913,2,0
BRDA:2,913,3,0
BRDA:2,914,0,0
BRDA:2,914,1,0
BRDA:2,914,2,0
BRDA:2,914,3,0
BRDA:2,915,0,0
BRDA:2,915,1,0
BRDA:2,916,0,0
BRDA:2,916,1,0
BRDA:2,917,0,0
BRDA:2,917,1,0
BRDA:2,917,2,0
BRDA:2,918,0,0
BRDA:2,918,1,0
BRDA:2,919,0,0
BRDA:2,919,1,0
BRDA:2,920,0,0
BRDA:2,920,1,0
BRDA:2,920,2,0
BRDA:2,921,0,0
BRDA:2,921,1,0
BRDA:2,922,0,0
BRDA:2,922,1,0
BRDA:2,923,0,0
BRDA:2,923,1,0
BRDA:2,924,0,0
BRDA:2,924,1,0
BRDA:2,925,0,0
BRDA:2,925,1,0
BRDA:2,926,0,0
BRDA:2,926,1,0
BRDA:2,927,0,0
BRDA:2,927,1,0
BRDA:2,928,0,0
BRDA:2,928,1,0
BRDA:2,928,2,0
BRDA:2,929,0,0
BRDA:2,929,1,0
BRDA:2,930,0,0
BRDA:2,930,1,0
BRDA:2,930,2,0
BRDA:2,931,0,0
BRDA:2,931,1,0
BRDA:2,931,2,0
BRDA:2,931,3,0
BRDA:2,932,0,0
BRDA:2,932,1,0
BRDA:2,933,0,0
BRDA:2,933,1,0
BRDA:2,934,0,0
BRDA:2,934,1,0
BRDA:2,935,0,0
BRDA:2,935,1,0
BRDA:2,935,2,0
BRDA:2,936,0,0
BRDA:2,936,1,0
BRDA:2,937,0,0
BRDA:2,937,1,0
BRDA:2,938,0,0
BRDA:2,938,1,0
BRDA:2,939,0,0
BRDA:2,939,1,0
BRDA:2,940,0,0
BRDA:2,940,1,0
BRDA:2,941,0,0
BRDA:2,941,1,0
BRDA:2,942,0,0
BRDA:2,942,1,0
BRDA:2,943,0,0
BRDA:2,943,1,0
BRDA:2,944,0,0
BRDA:2,944,1,0
BRDA:2,945,0,0
BRDA:2,945,1,0
BRDA:2,946,0,0
BRDA:2,946,1,0
BRDA:2,947,0,0
BRDA:2,947,1,0
BRDA:2,948,0,0
BRDA:2,948,1,0
BRDA:2,949,0,0
BRDA:2,949,1,0
BRDA:2,949,2,0
BRDA:2,950,0,0
BRDA:2,950,1,0
BRDA:2,951,0,0
BRDA:2,951,1,0
BRDA:2,952,0,0
BRDA:2,952,1,0
BRDA:2,953,0,0
BRDA:2,953,1,0
BRDA:2,954,0,0
BRDA:2,954,1,0
BRDA:2,954,2,0
BRDA:2,955,0,0
BRDA:2,955,1,0
BRDA:2,955,2,0
BRDA:2,956,0,0
BRDA:2,956,1,0
BRDA:2,957,0,0
BRDA:2,957,1,0
BRDA:2,958,0,0
BRDA:2,958,1,0
BRDA:2,959,0,0
BRDA:2,959,1,0
BRDA:2,960,0,0
BRDA:2,960,1,0
BRDA:2,961,0,0
BRDA:2,961,1,0
BRDA:2,962,0,0
BRDA:2,962,1,0
BRDA:2,963,0,0
BRDA:2,963,1,0
BRDA:2,964,0,0
BRDA:2,964,1,0
BRDA:2,965,0,0
BRDA:2,965,1,0
BRDA:2,966,0,0
BRDA:2,966,1,0
BRDA:2,967,0,0
BRDA:2,967,1,0
BRDA:2,968,0,0
BRDA:2,968,1,0
BRDA:2,969,0,0
BRDA:2,969,1,0
BRDA:2,970,0,0
BRDA:2,970,1,0
BRDA:2,971,0,0
BRDA:2,971,1,0
BRDA:2,972,0,0
BRDA:2,972,1,0
BRDA:2,973,0,0
BRDA:2,973,1,0
BRDA:2,973,2,0
BRDA:2,974,0,0
BRDA:2,974,1,0
BRDA:2,974,2,0
BRDA:2,975,0,0
BRDA:2,975,1,0
BRDA:2,976,0,0
BRDA:2,976,1,0
BRDA:2,977,0,0
BRDA:2,977,1,0
BRDA:2,977,2,0
BRDA:2,978,0,0
BRDA:2,978,1,0
BRDA:2,979,0,0
BRDA:2,979,1,0
BRDA:2,980,0,0
BRDA:2,980,1,0
BRDA:2,981,0,0
BRDA:2,981,1,0
BRDA:2,982,0,0
BRDA:2,982,1,0
BRDA:2,983,0,0
BRDA:2,983,1,0
BRDA:2,983,2,0
BRDA:2,983,3,0
BRDA:2,983,4,0
BRDA:2,984,0,0
BRDA:2,984,1,0
BRDA:2,985,0,0
BRDA:2,985,1,0
BRDA:2,986,0,0
BRDA:2,986,1,0
BRDA:2,987,0,0
BRDA:2,987,1,0
BRDA:2,988,0,0
BRDA:2,988,1,0
BRDA:2,989,0,0
BRDA:2,989,1,0
BRDA:2,990,0,0
BRDA:2,990,1,0
BRDA:2,991,0,0
BRDA:2,991,1,0
BRDA:2,992,0,0
BRDA:2,992,1,0
BRDA:2,993,0,0
BRDA:2,993,1,0
BRDA:2,994,0,0
BRDA:2,994,1,0
BRDA:2,995,0,0
BRDA:2,995,1,0
BRDA:2,996,0,0
BRDA:2,996,1,0
BRDA:2,997,0,0
BRDA:2,997,1,0
BRDA:2,998,0,0
BRDA:2,998,1,0
BRDA:2,999,0,0
BRDA:2,999,1,0
BRDA:2,1000,0,0
BRDA:2,1000,1,0
BRDA:2,1001,0,0
BRDA:2,1001,1,0
BRDA:2,1002,0,0
BRDA:2,1002,1,0
BRDA:2,1003,0,0
BRDA:2,1003,1,0
BRDA:2,1004,0,0
BRDA:2,1004,1,0
BRDA:2,1005,0,0
BRDA:2,1005,1,0
BRDA:2,1006,0,0
BRDA:2,1006,1,0
BRDA:2,1007,0,0
BRDA:2,1007,1,0
BRDA:2,1008,0,0
BRDA:2,1008,1,0
BRDA:2,1009,0,0
BRDA:2,1009,1,0
BRDA:2,1010,0,0
BRDA:2,1010,1,0
BRDA:2,1011,0,0
BRDA:2,1011,1,0
BRDA:2,1012,0,0
BRDA:2,1012,1,0
BRDA:2,1013,0,0
BRDA:2,1013,1,0
BRDA:2,1014,0,0
BRDA:2,1014,1,0
BRDA:2,1015,0,0
BRDA:2,1015,1,0
BRDA:2,1016,0,0
BRDA:2,1016,1,0
BRDA:2,1017,0,0
BRDA:2,1017,1,0
BRDA:2,1018,0,0
BRDA:2,1018,1,0
BRDA:2,1019,0,0
BRDA:2,1019,1,0
BRDA:2,1019,2,0
BRDA:2,1019,3,0
BRDA:2,1019,4,0
BRDA:2,1020,0,0
BRDA:2,1020,1,0
BRDA:2,1020,2,0
BRDA:2,1020,3,0
BRDA:2,1020,4,0
BRDA:2,1021,0,0
BRDA:2,1021,1,0
BRDA:2,1022,0,0
BRDA:2,1022,1,0
BRDA:2,1023,0,0
BRDA:2,1023,1,0
BRDA:2,1024,0,0
BRDA:2,1024,1,0
BRDA:2,1024,2,0
BRDA:2,1025,0,0
BRDA:2,1025,1,0
BRDA:2,1026,0,0
BRDA:2,1026,1,0
BRDA:2,1027,0,0
BRDA:2,1027,1,0
BRDA:2,1027,2,0
BRDA:2,1028,0,0
BRDA:2,1028,1,0
BRDA:2,1029,0,0
BRDA:2,1029,1,0
BRDA:2,1030,0,0
BRDA:2,1030,1,0
BRDA:2,1031,0,0
BRDA:2,1031,1,0
BRDA:2,1031,2,0
BRDA:2,1032,0,0
BRDA:2,1032,1,0
BRDA:2,1033,0,0
BRDA:2,1033,1,0
BRDA:2,1034,0,0
BRDA:2,1034,1,0
BRDA:2,1035,0,0
BRDA:2,1035,1,0
BRDA:2,1035,2,0
BRDA:2,1036,0,0
BRDA:2,1036,1,0
BRDA:2,1036,2,0
BRDA:2,1036,3,0
BRDA:2,1037,0,0
BRDA:2,1037,1,0
BRDA:2,1037,2,0
BRDA:2,1037,3,0
BRDA:2,1038,0,0
BRDA:2,1038,1,0
BRDA:2,1038,2,0
BRDA:2,1039,0,0
BRDA:2,1039,1,0
BRDA:2,1040,0,0
BRDA:2,1040,1,0
BRDA:2,1041,0,0
BRDA:2,1041,1,0
BRDA:2,1042,0,0
BRDA:2,1042,1,0
BRDA:2,1042,2,0
BRDA:2,1043,0,0
BRDA:2,1043,1,0
BRDA:2,1043,2,0
BRDA:2,1044,0,0
BRDA:2,1044,1,0
BRDA:2,1044,2,0
BRDA:2,1045,0,0
BRDA:2,1045,1,0
BRDA:2,1046,0,0
BRDA:2,1046,1,0
BRDA:2,1047,0,0
BRDA:2,1047,1,0
BRDA:2,1047,2,0
BRDA:2,1048,0,0
BRDA:2,1048,1,0
BRDA:2,1049,0,0
BRDA:2,1049,1,0
BRDA:2,1050,0,0
BRDA:2,1050,1,0
BRDA:2,1051,0,0
BRDA:2,1051,1,0
BRDA:2,1052,0,0
BRDA:2,1052,1,0
BRDA:2,1053,0,0
BRDA:2,1053,1,0
BRDA:2,1054,0,0
BRDA:2,1054,1,0
BRDA:2,1054,2,0
BRDA:2,1055,0,0
BRDA:2,1055,1,0
BRDA:2,1056,0,0
BRDA:2,1056,1,0
BRDA:2,1056,2,0
BRDA:2,1057,0,0
BRDA:2,1057,1,0
BRDA:2,1058,0,0
BRDA:2,1058,1,0
BRDA:2,1059,0,0
BRDA:2,1059,1,0
BRDA:2,1060,0,0
BRDA:2,1060,1,0
BRDA:2,1061,0,0
BRDA:2,1061,1,0
BRDA:2,1062,0,0
BRDA:2,1062,1,0
BRDA:2,1062,2,0
BRDA:2,1063,0,0
BRDA:2,1063,1,0
BRDA:2,1064,0,0
BRDA:2,1064,1,0
BRDA:2,1064,2,0
BRDA:2,1065,0,0
BRDA:2,1065,1,0
BRDA:2,1066,0,0
BRDA:2,1066,1,0
BRDA:2,1067,0,0
BRDA:2,1067,1,0
BRDA:2,1067,2,0
BRDA:2,1068,0,0
BRDA:2,1068,1,0
BRDA:2,1069,0,0
BRDA:2,1069,1,0
BRDA:2,1070,0,0
BRDA:2,1070,1,0
BRDA:2,1071,0,0
BRDA:2,1071,1,0
BRDA:2,1072,0,0
BRDA:2,1072,1,0
BRDA:2,1073,0,0
BRDA:2,1073,1,0
BRDA:2,1074,0,0
BRDA:2,1074,1,0
BRDA:2,1075,0,0
BRDA:2,1075,1,0
BRDA:2,1076,0,0
BRDA:2,1076,1,0
BRDA:2,1077,0,0
BRDA:2,1077,1,0
BRDA:2,1078,0,0
BRDA:2,1078,1,0
BRDA:2,1078,2,0
BRDA:2,1079,0,0
BRDA:2,1079,1,0
BRDA:2,1079,2,0
BRDA:2,1080,0,0
BRDA:2,1080,1,0
BRDA:2,1081,0,0
BRDA:2,1081,1,0
BRDA:2,1082,0,0
BRDA:2,1082,1,0
BRDA:2,1083,0,0
BRDA:2,1083,1,0
BRDA:2,1083,2,0
BRDA:2,1084,0,0
BRDA:2,1084,1,0
BRDA:2,1085,0,0
BRDA:2,1085,1,0
BRDA:2,1085,2,0
BRDA:2,1086,0,0
BRDA:2,1086,1,0
BRDA:2,1087,0,0
BRDA:2,1087,1,0
BRDA:2,1088,0,0
BRDA:2,1088,1,0
BRDA:2,1088,2,0
BRDA:2,1089,0,0
BRDA:2,1089,1,0
BRDA:2,1090,0,0
BRDA:2,1090,1,0
BRDA:2,1090,2,0
BRDA:2,1091,0,0
BRDA:2,1091,1,0
BRDA:2,1092,0,0
BRDA:2,1092,1,0
BRDA:2,1093,0,0
BRDA:2,1093,1,0
BRDA:2,1094,0,0
BRDA:2,1094,1,0
BRDA:2,1094,2,0
BRDA:2,1095,0,0
BRDA:2,1095,1,0
BRDA:2,1096,0,0
BRDA:2,1096,1,0
BRDA:2,1097,0,0
BRDA:2,1097,1,0
BRDA:2,1098,0,0
BRDA:2,1098,1,0
BRDA:2,1099,0,0
BRDA:2,1099,1,0
BRDA:2,1100,0,0
BRDA:2,1100,1,0
BRDA:2,1101,0,0
BRDA:2,1101,1,0
BRDA:2,1102,0,0
BRDA:2,1102,1,0
BRDA:2,1103,0,0
BRDA:2,1103,1,0
BRDA:2,1104,0,0
BRDA:2,1104,1,0
BRDA:2,1105,0,0
BRDA:2,1105,1,0
BRDA:2,1106,0,0
BRDA:2,1106,1,0
BRDA:2,1107,0,0
BRDA:2,1107,1,0
BRDA:2,1108,0,0
BRDA:2,1108,1,0
BRDA:2,1109,0,0
BRDA:2,1109,1,0
BRDA:2,1110,0,0
BRDA:2,1110,1,0
BRDA:2,1111,0,0
BRDA:2,1111,1,0
BRDA:2,1112,0,0
BRDA:2,1112,1,0
BRDA:2,1113,0,0
BRDA:2,1113,1,0
BRDA:2,1114,0,0
BRDA:2,1114,1,0
BRDA:2,1115,0,0
BRDA:2,1115,1,0
BRDA:2,1116,0,0
BRDA:2,1116,1,0
BRDA:2,1117,0,0
BRDA:2,1117,1,0
BRDA:2,1117,2,0
BRDA:2,1118,0,0
BRDA:2,1118,1,0
BRDA:2,1119,0,0
BRDA:2,1119,1,0
BRDA:2,1120,0,0
BRDA:2,1120,1,0
BRDA:2,1121,0,0
BRDA:2,1121,1,0
BRDA:2,1122,0,0
BRDA:2,1122,1,0
BRDA:2,1123,0,0
BRDA:2,1123,1,0
BRDA:2,1124,0,0
BRDA:2,1124,1,0
BRDA:2,1125,0,0
BRDA:2,1125,1,0
BRDA:2,1126,0,0
BRDA:2,1126,1,0
BRDA:2,1127,0,0
BRDA:2,1127,1,0
BRDA:2,1128,0,0
BRDA:2,1128,1,0
BRDA:2,1129,0,0
BRDA:2,1129,1,0
BRDA:2,1130,0,0
BRDA:2,1130,1,0
BRDA:2,1131,0,0
BRDA:2,1131,1,0
BRDA:2,1132,0,0
BRDA:2,1132,1,0
BRDA:2,1132,2,0
BRDA:2,1132,3,0
BRDA:2,1133,0,0
BRDA:2,1133,1,0
BRDA:2,1134,0,0
BRDA:2,1134,1,0
BRDA:2,1135,0,0
BRDA:2,1135,1,0
BRDA:2,1136,0,0
BRDA:2,1136,1,0
BRDA:2,1136,2,0
BRDA:2,1137,0,0
BRDA:2,1137,1,0
BRDA:2,1138,0,0
BRDA:2,1138,1,0
BRDA:2,1139,0,0
BRDA:2,1139,1,0
BRDA:2,1140,0,0
BRDA:2,1140,1,0
BRDA:2,1141,0,0
BRDA:2,1141,1,0
BRDA:2,1142,0,0
BRDA:2,1142,1,0
BRDA:2,1143,0,0
BRDA:2,1143,1,0
BRDA:2,1144,0,0
BRDA:2,1144,1,0
BRDA:2,1145,0,0
BRDA:2,1145,1,0
BRDA:2,1146,0,0
BRDA:2,1146,1,0
BRDA:2,1146,2,0
BRDA:2,1146,3,0
BRDA:2,1146,4,0
BRDA:2,1147,0,0
BRDA:2,1147,1,0
BRDA:2,1148,0,0
BRDA:2,1148,1,0
BRDA:2,1149,0,0
BRDA:2,1149,1,0
BRDA:2,1150,0,0
BRDA:2,1150,1,0
BRDA:2,1151,0,0
BRDA:2,1151,1,0
BRDA:2,1152,0,0
BRDA:2,1152,1,0
BRDA:2,1153,0,0
BRDA:2,1153,1,0
BRDA:2,1154,0,0
BRDA:2,1154,1,0
BRDA:2,1155,0,0
BRDA:2,1155,1,0
BRDA:2,1156,0,0
BRDA:2,1156,1,0
BRDA:2,1157,0,0
BRDA:2,1157,1,0
BRDA:2,1158,0,0
BRDA:2,1158,1,0
BRDA:2,1158,2,0
BRDA:2,1158,3,0
BRDA:2,1159,0,0
BRDA:2,1159,1,0
BRDA:2,1160,0,0
BRDA:2,1160,1,0
BRDA:2,1161,0,0
BRDA:2,1161,1,0
BRDA:2,1162,0,0
BRDA:2,1162,1,0
BRDA:2,1163,0,0
BRDA:2,1163,1,0
BRDA:2,1164,0,0
BRDA:2,1164,1,0
BRDA:2,1165,0,0
BRDA:2,1165,1,0
BRDA:2,1166,0,0
BRDA:2,1166,1,0
BRDA:2,1167,0,0
BRDA:2,1167,1,0
BRDA:2,1168,0,0
BRDA:2,1168,1,0
BRDA:2,1168,2,0
BRDA:2,1169,0,0
BRDA:2,1169,1,0
BRDA:2,1170,0,0
BRDA:2,1170,1,0
BRDA:2,1170,2,0
BRDA:2,1171,0,0
BRDA:2,1171,1,0
BRDA:2,1172,0,0
BRDA:2,1172,1,0
BRDA:2,1173,0,0
BRDA:2,1173,1,0
BRDA:2,1174,0,0
BRDA:2,1174,1,0
BRDA:2,1175,0,0
BRDA:2,1175,1,0
BRDA:2,1175,2,0
BRDA:2,1176,0,0
BRDA:2,1176,1,0
BRDA:2,1177,0,0
BRDA:2,1177,1,0
BRDA:2,1178,0,0
BRDA:2,1178,1,0
BRDA:2,1179,0,0
BRDA:2,1179,1,0
BRDA:2,1180,0,0
BRDA:2,1180,1,0
BRDA:2,1181,0,0
BRDA:2,1181,1,0
BRDA:2,1182,0,0
BRDA:2,1182,1,0
BRDA:2,1182,2,0
BRDA:2,1182,3,0
BRDA:2,1183,0,0
BRDA:2,1183,1,0
BRDA:2,1184,0,0
BRDA:2,1184,1,0
BRDA:2,1185,0,0
BRDA:2,1185,1,0
BRDA:2,1185,2,0
BRDA:2,1185,3,0
BRDA:2,1185,4,0
BRDA:2,1185,5,0
BRDA:2,1185,6,0
BRDA:2,1185,7,0
BRDA:2,1185,8,0
BRDA:2,1186,0,0
BRDA:2,1186,1,0
BRDA:2,1187,0,0
BRDA:2,1187,1,0
BRDA:2,1188,0,0
BRDA:2,1188,1,0
BRDA:2,1189,0,0
BRDA:2,1189,1,0
BRDA:2,1190,0,0
BRDA:2,1190,1,0
BRDA:2,1191,0,0
BRDA:2,1191,1,0
BRDA:2,1192,0,0
BRDA:2,1192,1,0
BRDA:2,1193,0,0
BRDA:2,1193,1,0
BRDA:2,1194,0,0
BRDA:2,1194,1,0
BRDA:2,1195,0,0
BRDA:2,1195,1,0
BRDA:2,1196,0,0
BRDA:2,1196,1,0
BRDA:2,1197,0,0
BRDA:2,1197,1,0
BRDA:2,1198,0,0
BRDA:2,1198,1,0
BRDA:2,1199,0,0
BRDA:2,1199,1,0
BRDA:2,1199,2,0
BRDA:2,1200,0,0
BRDA:2,1200,1,0
BRDA:2,1201,0,0
BRDA:2,1201,1,0
BRDA:2,1202,0,0
BRDA:2,1202,1,0
BRDA:2,1203,0,0
BRDA:2,1203,1,0
BRDA:2,1204,0,0
BRDA:2,1204,1,0
BRDA:2,1205,0,0
BRDA:2,1205,1,0
BRDA:2,1206,0,0
BRDA:2,1206,1,0
BRDA:2,1207,0,0
BRDA:2,1207,1,0
BRDA:2,1208,0,0
BRDA:2,1208,1,0
BRDA:2,1209,0,0
BRDA:2,1209,1,0
BRDA:2,1210,0,0
BRDA:2,1210,1,0
BRDA:2,1210,2,0
BRDA:2,1211,0,0
BRDA:2,1211,1,0
BRDA:2,1212,0,0
BRDA:2,1212,1,0
BRDA:2,1212,2,0
BRDA:2,1212,3,0
BRDA:2,1212,4,0
BRDA:2,1212,5,0
BRDA:2,1213,0,0
BRDA:2,1213,1,0
BRDA:2,1214,0,0
BRDA:2,1214,1,0
BRDA:2,1215,0,0
BRDA:2,1215,1,0
BRDA:2,1216,0,0
BRDA:2,1216,1,0
BRDA:2,1217,0,0
BRDA:2,1217,1,0
BRDA:2,1218,0,0
BRDA:2,1218,1,0
BRDA:2,1219,0,0
BRDA:2,1219,1,0
BRDA:2,1220,0,0
BRDA:2,1220,1,0
BRDA:2,1221,0,0
BRDA:2,1221,1,0
BRDA:2,1222,0,0
BRDA:2,1222,1,0
BRDA:2,1223,0,0
BRDA:2,1223,1,0
BRDA:2,1224,0,0
BRDA:2,1224,1,0
BRDA:2,1224,2,0
BRDA:2,1225,0,0
BRDA:2,1225,1,0
BRDA:2,1226,0,0
BRDA:2,1226,1,0
BRDA:2,1226,2,0
BRDA:2,1227,0,0
BRDA:2,1227,1,0
BRDA:2,1228,0,0
BRDA:2,1228,1,0
BRDA:2,1229,0,0
BRDA:2,1229,1,0
BRDA:2,1230,0,0
BRDA:2,1230,1,0
BRDA:2,1231,0,0
BRDA:2,1231,1,0
BRDA:2,1232,0,0
BRDA:2,1232,1,0
BRDA:2,1233,0,0
BRDA:2,1233,1,0
BRDA:2,1234,0,0
BRDA:2,1234,1,0
BRDA:2,1235,0,0
BRDA:2,1235,1,0
BRDA:2,1236,0,0
BRDA:2,1236,1,0
BRDA:2,1237,0,0
BRDA:2,1237,1,0
BRDA:2,1238,0,0
BRDA:2,1238,1,0
BRDA:2,1239,0,0
BRDA:2,1239,1,0
BRDA:2,1240,0,0
BRDA:2,1240,1,0
BRDA:2,1241,0,0
BRDA:2,1241,1,0
BRDA:2,1242,0,0
BRDA:2,1242,1,0
BRDA:2,1243,0,0
BRDA:2,1243,1,0
BRDA:2,1244,0,0
BRDA:2,1244,1,0
BRDA:2,1245,0,0
BRDA:2,1245,1,0
BRDA:2,1246,0,0
BRDA:2,1246,1,0
BRDA:2,1247,0,0
BRDA:2,1247,1,0
BRDA:2,1247,2,0
BRDA:2,1247,3,0
BRDA:2,1248,0,0
BRDA:2,1248,1,0
BRDA:2,1249,0,0
BRDA:2,1249,1,0
BRDA:2,1250,0,0
BRDA:2,1250,1,0
BRDA:2,1251,0,0
BRDA:2,1251,1,0
BRDA:2,1252,0,0
BRDA:2,1252,1,0
BRDA:2,1253,0,0
BRDA:2,1253,1,0
BRDA:2,1254,0,0
BRDA:2,1254,1,0
BRDA:2,1255,0,0
BRDA:2,1255,1,0
BRDA:2,1256,0,0
BRDA:2,1256,1,0
BRDA:2,1257,0,0
BRDA:2,1257,1,0
BRDA:2,1258,0,0
BRDA:2,1258,1,0
BRDA:2,1259,0,0
BRDA:2,1259,1,0
BRDA:2,1260,0,0
BRDA:2,1260,1,0
BRDA:2,1261,0,0
BRDA:2,1261,1,0
BRDA:2,1262,0,0
BRDA:2,1262,1,0
BRDA:2,1263,0,0
BRDA:2,1263,1,0
BRDA:2,1264,0,0
BRDA:2,1264,1,0
BRDA:2,1265,0,0
BRDA:2,1265,1,0
BRDA:2,1266,0,0
BRDA:2,1266,1,0
BRDA:2,1267,0,0
BRDA:2,1267,1,0
BRDA:2,1267,2,0
BRDA:2,1268,0,0
BRDA:2,1268,1,0
BRDA:2,1269,0,0
BRDA:2,1269,1,0
BRDA:2,1270,0,0
BRDA:2,1270,1,0
BRDA:2,1271,0,0
BRDA:2,1271,1,0
BRDA:2,1272,0,0
BRDA:2,1272,1,0
BRDA:2,1273,0,0
BRDA:2,1273,1,0
BRDA:2,1274,0,0
BRDA:2,1274,1,0
BRDA:2,1275,0,0
BRDA:2,1275,1,0
BRDA:2,1276,0,0
BRDA:2,1276,1,0
BRDA:2,1277,0,0
BRDA:2,1277,1,0
BRDA:2,1278,0,0
BRDA:2,1278,1,0
BRDA:2,1279,0,0
BRDA:2,1279,1,0
BRDA:2,1280,0,0
BRDA:2,1280,1,0
BRDA:2,1281,0,0
BRDA:2,1281,1,0
BRDA:2,1281,2,0
BRDA:2,1282,0,0
BRDA:2,1282,1,0
BRDA:2,1282,2,0
BRDA:2,1282,3,0
BRDA:2,1283,0,0
BRDA:2,1283,1,0
BRDA:2,1284,0,0
BRDA:2,1284,1,0
BRDA:2,1285,0,0
BRDA:2,1285,1,0
BRDA:2,1286,0,0
BRDA:2,1286,1,0
BRDA:2,1286,2,0
BRDA:2,1286,3,0
BRDA:2,1287,0,0
BRDA:2,1287,1,0
BRDA:2,1287,2,0
BRDA:2,1288,0,0
BRDA:2,1288,1,0
BRDA:2,1289,0,0
BRDA:2,1289,1,0
BRDA:2,1290,0,0
BRDA:2,1290,1,0
BRDA:2,1290,2,0
BRDA:2,1290,3,0
BRDA:2,1291,0,0
BRDA:2,1291,1,0
BRDA:2,1292,0,0
BRDA:2,1292,1,0
BRDA:2,1292,2,0
BRDA:2,1292,3,0
BRDA:2,1293,0,0
BRDA:2,1293,1,0
BRDA:2,1294,0,0
BRDA:2,1294,1,0
BRDA:2,1295,0,0
BRDA:2,1295,1,0
BRDA:2,1296,0,0
BRDA:2,1296,1,0
BRDA:2,1297,0,0
BRDA:2,1297,1,0
BRDA:2,1298,0,0
BRDA:2,1298,1,0
BRDA:2,1299,0,0
BRDA:2,1299,1,0
BRDA:2,1299,2,0
BRDA:2,1299,3,0
BRDA:2,1299,4,0
BRDA:2,1300,0,0
BRDA:2,1300,1,0
BRDA:2,1301,0,0
BRDA:2,1301,1,0
BRDA:2,1302,0,0
BRDA:2,1302,1,0
BRDA:2,1303,0,0
BRDA:2,1303,1,0
BRDA:2,1304,0,0
BRDA:2,1304,1,0
BRDA:2,1304,2,0
BRDA:2,1305,0,0
BRDA:2,1305,1,0
BRDA:2,1306,0,0
BRDA:2,1306,1,0
BRDA:2,1307,0,0
BRDA:2,1307,1,0
BRDA:2,1308,0,0
BRDA:2,1308,1,0
BRDA:2,1308,2,0
BRDA:2,1309,0,0
BRDA:2,1309,1,0
BRDA:2,1310,0,0
BRDA:2,1310,1,0
BRDA:2,1311,0,0
BRDA:2,1311,1,0
BRDA:2,1312,0,0
BRDA:2,1312,1,0
BRDA:2,1313,0,0
BRDA:2,1313,1,0
BRDA:2,1314,0,0
BRDA:2,1314,1,0
BRDA:2,1314,2,0
BRDA:2,1315,0,0
BRDA:2,1315,1,0
BRDA:2,1316,0,0
BRDA:2,1316,1,0
BRDA:2,1317,0,0
BRDA:2,1317,1,0
BRDA:2,1318,0,0
BRDA:2,1318,1,0
BRDA:2,1319,0,0
BRDA:2,1319,1,0
BRDA:2,1320,0,0
BRDA:2,1320,1,0
BRDA:2,1321,0,0
BRDA:2,1321,1,0
BRDA:2,1322,0,0
BRDA:2,1322,1,0
BRDA:2,1323,0,0
BRDA:2,1323,1,0
BRDA:2,1323,2,0
BRDA:2,1324,0,0
BRDA:2,1324,1,0
BRDA:2,1325,0,0
BRDA:2,1325,1,0
BRDA:2,1326,0,0
BRDA:2,1326,1,0
BRDA:2,1327,0,0
BRDA:2,1327,1,0
BRDA:2,1328,0,0
BRDA:2,1328,1,0
BRDA:2,1329,0,0
BRDA:2,1329,1,0
BRDA:2,1330,0,0
BRDA:2,1330,1,0
BRDA:2,1331,0,0
BRDA:2,1331,1,0
BRDA:2,1332,0,0
BRDA:2,1332,1,0
BRDA:2,1333,0,0
BRDA:2,1333,1,0
BRDA:2,1334,0,0
BRDA:2,1334,1,0
BRDA:2,1335,0,0
BRDA:2,1335,1,0
BRDA:2,1336,0,0
BRDA:2,1336,1,0
BRDA:2,1337,0,0
BRDA:2,1337,1,0
BRDA:2,1338,0,0
BRDA:2,1338,1,0
BRDA:2,1339,0,0
BRDA:2,1339,1,0
BRDA:2,1340,0,0
BRDA:2,1340,1,0
BRDA:2,1341,0,0
BRDA:2,1341,1,0
BRDA:2,1341,2,0
BRDA:2,1342,0,0
BRDA:2,1342,1,0
BRDA:2,1343,0,0
BRDA:2,1343,1,0
BRDA:2,1344,0,0
BRDA:2,1344,1,0
BRDA:2,1344,2,0
BRDA:2,1345,0,0
BRDA:2,1345,1,0
BRDA:2,1346,0,0
BRDA:2,1346,1,0
BRDA:2,1346,2,0
BRDA:2,1347,0,0
BRDA:2,1347,1,0
BRDA:2,1347,2,0
BRDA:2,1348,0,0
BRDA:2,1348,1,0
BRDA:2,1349,0,0
BRDA:2,1349,1,0
BRDA:2,1350,0,0
BRDA:2,1350,1,0
BRDA:2,1351,0,0
BRDA:2,1351,1,0
BRDA:2,1352,0,0
BRDA:2,1352,1,0
BRDA:2,1353,0,0
BRDA:2,1353,1,0
BRDA:2,1354,0,0
BRDA:2,1354,1,0
BRDA:2,1355,0,0
BRDA:2,1355,1,0
BRDA:2,1356,0,0
BRDA:2,1356,1,0
BRDA:2,1357,0,0
BRDA:2,1357,1,0
BRDA:2,1358,0,0
BRDA:2,1358,1,0
BRDA:2,1359,0,0
BRDA:2,1359,1,0
BRDA:2,1359,2,0
BRDA:2,1360,0,0
BRDA:2,1360,1,0
BRDA:2,1361,0,0
BRDA:2,1361,1,0
BRDA:2,1362,0,0
BRDA:2,1362,1,0
BRDA:2,1363,0,0
BRDA:2,1363,1,0
BRDA:2,1364,0,0
BRDA:2,1364,1,0
BRDA:2,1365,0,0
BRDA:2,1365,1,0
BRDA:2,1366,0,0
BRDA:2,1366,1,0
BRDA:2,1367,0,0
BRDA:2,1367,1,0
BRDA:2,1368,0,0
BRDA:2,1368,1,0
BRDA:2,1369,0,0
BRDA:2,1369,1,0
BRDA:2,1370,0,0
BRDA:2,1370,1,0
BRDA:2,1371,0,0
BRDA:2,1371,1,0
BRDA:2,1372,0,0
BRDA:2,1372,1,0
BRDA:2,1372,2,0
BRDA:2,1372,3,0
BRDA:2,1373,0,0
BRDA:2,1373,1,0
BRDA:2,1374,0,0
BRDA:2,1374,1,0
BRDA:2,1375,0,0
BRDA:2,1375,1,0
BRDA:2,1376,0,0
BRDA:2,1376,1,0
BRDA:2,1377,0,0
BRDA:2,1377,1,0
BRDA:2,1378,0,0
BRDA:2,1378,1,0
BRDA:2,1379,0,0
BRDA:2,1379,1,0
BRDA:2,1380,0,0
BRDA:2,1380,1,0
BRDA:2,1381,0,0
BRDA:2,1381,1,0
BRDA:2,1382,0,0
BRDA:2,1382,1,0
BRDA:2,1383,0,0
BRDA:2,1383,1,0
BRDA:2,1383,2,0
BRDA:2,1384,0,0
BRDA:2,1384,1,0
BRDA:2,1385,0,0
BRDA:2,1385,1,0
BRDA:2,1386,0,0
BRDA:2,1386,1,0
BRDA:2,1387,0,0
BRDA:2,1387,1,0
BRDA:2,1388,0,0
BRDA:2,1388,1,0
BRDA:2,1389,0,0
BRDA:2,1389,1,0
BRDA:2,1390,0,0
BRDA:2,1390,1,0
BRDA:2,1390,2,0
BRDA:2,1391,0,0
BRDA:2,1391,1,0
BRDA:2,1392,0,0
BRDA:2,1392,1,0
BRDA:2,1393,0,0
BRDA:2,1393,1,0
BRDA:2,1393,2,0
BRDA:2,1394,0,0
BRDA:2,1394,1,0
BRDA:2,1395,0,0
BRDA:2,1395,1,0
BRDA:2,1396,0,0
BRDA:2,1396,1,0
BRDA:2,1397,0,0
BRDA:2,1397,1,0
BRDA:2,1398,0,0
BRDA:2,1398,1,0
BRDA:2,1399,0,0
BRDA:2,1399,1,0
BRDA:2,1400,0,0
BRDA:2,1400,1,0
BRDA:2,1401,0,0
BRDA:2,1401,1,0
BRDA:2,1401,2,0
BRDA:2,1402,0,0
BRDA:2,1402,1,0
BRDA:2,1403,0,0
BRDA:2,1403,1,0
BRDA:2,1404,0,0
BRDA:2,1404,1,0
BRDA:2,1405,0,0
BRDA:2,1405,1,0
BRDA:2,1406,0,0
BRDA:2,1406,1,0
BRDA:2,1407,0,0
BRDA:2,1407,1,0
BRDA:2,1408,0,0
BRDA:2,1408,1,0
BRDA:2,1409,0,0
BRDA:2,1409,1,0
BRDA:2,1410,0,0
BRDA:2,1410,1,0
BRDA:2,1411,0,0
BRDA:2,1411,1,0
BRDA:2,1412,0,0
BRDA:2,1412,1,0
BRDA:2,1413,0,0
BRDA:2,1413,1,0
BRDA:2,1414,0,0
BRDA:2,1414,1,0
BRDA:2,1415,0,0
BRDA:2,1415,1,0
BRDA:2,1415,2,0
BRDA:2,1415,3,0
BRDA:2,1416,0,0
BRDA:2,1416,1,0
BRDA:2,1416,2,0
BRDA:2,1416,3,0
BRDA:2,1417,0,0
BRDA:2,1417,1,0
BRDA:2,1418,0,0
BRDA:2,1418,1,0
BRDA:2,1419,0,0
BRDA:2,1419,1,0
BRDA:2,1420,0,0
BRDA:2,1420,1,0
BRDA:2,1421,0,0
BRDA:2,1421,1,0
BRDA:2,1422,0,0
BRDA:2,1422,1,0
BRDA:2,1423,0,0
BRDA:2,1423,1,0
BRDA:2,1424,0,0
BRDA:2,1424,1,0
BRDA:2,1425,0,0
BRDA:2,1425,1,0
BRDA:2,1426,0,0
BRDA:2,1426,1,0
BRDA:2,1427,0,0
BRDA:2,1427,1,0
BRDA:2,1428,0,0
BRDA:2,1428,1,0
BRDA:2,1428,2,0
BRDA:2,1429,0,0
BRDA:2,1429,1,0
BRDA:2,1430,0,0
BRDA:2,1430,1,0
BRDA:2,1431,0,0
BRDA:2,1431,1,0
BRDA:2,1432,0,0
BRDA:2,1432,1,0
BRDA:2,1433,0,0
BRDA:2,1433,1,0
BRDA:2,1434,0,0
BRDA:2,1434,1,0
BRDA:2,1435,0,0
BRDA:2,1435,1,0
BRDA:2,1436,0,0
BRDA:2,1436,1,0
BRDA:2,1437,0,0
BRDA:2,1437,1,0
BRDA:2,1438,0,0
BRDA:2,1438,1,0
BRDA:2,1439,0,0
BRDA:2,1439,1,0
BRDA:2,1440,0,0
BRDA:2,1440,1,0
BRDA:2,1441,0,0
BRDA:2,1441,1,0
BRDA:2,1442,0,0
BRDA:2,1442,1,0
BRDA:2,1443,0,0
BRDA:2,1443,1,0
BRDA:2,1444,0,0
BRDA:2,1444,1,0
BRDA:2,1445,0,0
BRDA:2,1445,1,0
BRDA:2,1446,0,0
BRDA:2,1446,1,0
BRDA:2,1446,2,0
BRDA:2,1447,0,0
BRDA:2,1447,1,0
BRDA:2,1447,2,0
BRDA:2,1448,0,0
BRDA:2,1448,1,0
BRDA:2,1449,0,0
BRDA:2,1449,1,0
BRDA:2,1449,2,0
BRDA:2,1450,0,0
BRDA:2,1450,1,0
BRF:3215
BRH:0
end_of_record
TN:
SF:/Users/katmel98/devel/@training/nodejs/node-chat-app/public/js/libs/moment.js
FN:3,(anonymous_0)
FN:7,(anonymous_1)
FN:11,hooks
FN:17,setHookCallback
FN:21,isArray
FN:25,isObject
FN:31,isObjectEmpty
FN:45,isUndefined
FN:49,isNumber
FN:53,isDate
FN:57,map
FN:65,hasOwnProp
FN:69,extend
FN:87,createUTC
FN:91,defaultParsingFlags
FN:111,getParsingFlags
FN:122,(anonymous_16)
FN:136,isValid
FN:139,(anonymous_18)
FN:170,createInvalid
FN:186,copyConfig
FN:236,Moment
FN:251,isMoment
FN:255,absFloor
FN:264,toInt
FN:276,compareArrays
FN:290,warn
FN:297,deprecate
FN:300,(anonymous_28)
FN:329,deprecateSimple
FN:342,isFunction
FN:346,set
FN:365,mergeConfigs
FN:391,Locale
FN:402,(anonymous_34)
FN:422,calendar
FN:436,longDateFormat
FN:444,(anonymous_37)
FN:453,invalidDate
FN:460,ordinal
FN:481,relativeTime
FN:488,pastFuture
FN:495,addUnitAlias
FN:500,normalizeUnits
FN:504,normalizeObjectUnits
FN:523,addUnitPriority
FN:527,getPrioritizedUnits
FN:532,(anonymous_47)
FN:538,zeroFill
FN:558,addFormatToken
FN:561,(anonymous_50)
FN:569,(anonymous_51)
FN:574,(anonymous_52)
FN:580,removeFormattingTokens
FN:587,makeFormatFunction
FN:598,(anonymous_55)
FN:608,formatMoment
FN:619,expandFormat
FN:622,replaceLongDateFormatTokens
FN:662,addRegexToken
FN:663,(anonymous_60)
FN:668,getParseRegexForToken
FN:677,unescapeFormat
FN:678,(anonymous_63)
FN:683,regexEscape
FN:689,addParseToken
FN:695,(anonymous_66)
FN:704,addWeekParseToken
FN:705,(anonymous_68)
FN:711,addTimeToArrayFromToken
FN:729,(anonymous_70)
FN:734,(anonymous_71)
FN:759,(anonymous_72)
FN:762,(anonymous_73)
FN:765,(anonymous_74)
FN:771,daysInYear
FN:775,isLeapYear
FN:781,(anonymous_77)
FN:789,getIsLeapYear
FN:793,makeGetSet
FN:794,(anonymous_80)
FN:805,get
FN:810,set$1
FN:823,stringGet
FN:832,stringSet
FN:848,mod
FN:857,(anonymous_86)
FN:869,daysInMonth
FN:880,(anonymous_88)
FN:884,(anonymous_89)
FN:888,(anonymous_90)
FN:904,(anonymous_91)
FN:907,(anonymous_92)
FN:911,(anonymous_93)
FN:915,(anonymous_94)
FN:929,localeMonths
FN:939,localeMonthsShort
FN:948,handleStrictParse
FN:989,localeMonthsParse
FN:1029,setMonth
FN:1054,getSetMonth
FN:1064,getDaysInMonth
FN:1069,monthsShortRegex
FN:1089,monthsRegex
FN:1108,computeMonthsParse
FN:1109,cmpLenRev
FN:1142,createDate
FN:1154,createUTCDate
FN:1165,firstWeekOffset
FN:1175,dayOfYearFromWeeks
FN:1198,weekOfYear
FN:1220,weeksInYear
FN:1248,(anonymous_112)
FN:1256,localeWeek
FN:1265,localeFirstDayOfWeek
FN:1269,localeFirstDayOfYear
FN:1275,getSetWeek
FN:1280,getSetISOWeek
FN:1289,(anonymous_118)
FN:1293,(anonymous_119)
FN:1297,(anonymous_120)
FN:1320,(anonymous_121)
FN:1323,(anonymous_122)
FN:1326,(anonymous_123)
FN:1330,(anonymous_124)
FN:1340,(anonymous_125)
FN:1346,parseWeekday
FN:1363,parseIsoWeekday
FN:1373,localeWeekdays
FN:1383,localeWeekdaysShort
FN:1388,localeWeekdaysMin
FN:1392,handleStrictParse$1
FN:1456,localeWeekdaysParse
FN:1498,getSetDayOfWeek
FN:1511,getSetLocaleDayOfWeek
FN:1519,getSetISODayOfWeek
FN:1537,weekdaysRegex
FN:1557,weekdaysShortRegex
FN:1577,weekdaysMinRegex
FN:1597,computeWeekdaysParse
FN:1598,cmpLenRev
FN:1640,hFormat
FN:1644,kFormat
FN:1652,(anonymous_143)
FN:1656,(anonymous_144)
FN:1661,(anonymous_145)
FN:1665,(anonymous_146)
FN:1670,meridiem
FN:1671,(anonymous_148)
FN:1688,matchMeridiem
FN:1707,(anonymous_150)
FN:1711,(anonymous_151)
FN:1715,(anonymous_152)
FN:1719,(anonymous_153)
FN:1725,(anonymous_154)
FN:1733,(anonymous_155)
FN:1738,(anonymous_156)
FN:1748,localeIsPM
FN:1755,localeMeridiem
FN:1797,normalizeLocale
FN:1804,chooseLocale
FN:1828,loadLocale
FN:1846,getSetGlobalLocale
FN:1871,defineLocale
FN:1904,(anonymous_164)
FN:1923,updateLocale
FN:1952,getLocale
FN:1975,listLocales
FN:1979,checkOverflow
FN:2010,defaults
FN:2020,currentDateArray
FN:2033,configFromArray
FN:2102,dayOfYearFromWeekInfo
FN:2197,configFromISO
FN:2252,extractFromRFC2822Strings
FN:2268,untruncateYear
FN:2278,preprocessRFC2822
FN:2283,checkWeekday
FN:2310,calculateOffset
FN:2324,configFromRFC2822
FN:2345,configFromString
FN:2376,(anonymous_181)
FN:2382,(anonymous_182)
FN:2385,(anonymous_183)
FN:2388,configFromStringAndFormat
FN:2460,meridiemFixWrap
FN:2486,configFromStringAndArray
FN:2530,configFromObject
FN:2536,(anonymous_188)
FN:2543,createFromConfig
FN:2554,prepareConfig
FN:2587,configFromInput
FN:2596,(anonymous_192)
FN:2610,createLocalOrUTC
FN:2634,createLocal
FN:2640,(anonymous_195)
FN:2652,(anonymous_196)
FN:2667,pickBy
FN:2685,min
FN:2691,max
FN:2697,(anonymous_200)
FN:2703,isDurationValid
FN:2725,isValid$1
FN:2729,createInvalid$1
FN:2733,Duration
FN:2770,isDuration
FN:2774,absRound
FN:2784,offset
FN:2785,(anonymous_208)
FN:2803,(anonymous_209)
FN:2815,offsetFromString
FN:2832,cloneWithOffset
FN:2846,getDateOffset
FN:2856,(anonymous_213)
FN:2870,getSetOffset
FN:2908,getSetZone
FN:2922,setOffsetToUTC
FN:2926,setOffsetToLocal
FN:2938,setOffsetToParsedOffset
FN:2953,hasAlignedHourOffset
FN:2962,isDaylightSavingTime
FN:2969,isDaylightSavingTimeShifted
FN:2990,isLocal
FN:2994,isUtcOffset
FN:2998,isUtc
FN:3010,createDuration
FN:3074,parseIso
FN:3083,positiveMomentsDifference
FN:3097,momentsDifference
FN:3116,createAdder
FN:3117,(anonymous_230)
FN:3133,addSubtract
FN:3162,getCalendarFormat
FN:3172,calendar$1
FN:3184,clone
FN:3188,isAfter
FN:3201,isBefore
FN:3214,isBetween
FN:3220,isSame
FN:3235,isSameOrAfter
FN:3239,isSameOrBefore
FN:3243,diff
FN:3277,monthDiff
FN:3301,toString
FN:3305,toISOString
FN:3331,inspect
FN:3349,format
FN:3357,from
FN:3367,fromNow
FN:3371,to
FN:3381,toNow
FN:3388,locale
FN:3404,(anonymous_252)
FN:3413,localeData
FN:3417,startOf
FN:3461,endOf
FN:3475,valueOf
FN:3479,unix
FN:3483,toDate
FN:3487,toArray
FN:3492,toObject
FN:3505,toJSON
[...]
BRDA:2217,348,1,0
BRDA:2219,349,0,0
BRDA:2219,349,1,0
BRDA:2221,350,0,0
BRDA:2221,350,1,0
BRDA:2225,351,0,0
BRDA:2225,351,1,0
BRDA:2230,352,0,0
BRDA:2230,352,1,0
BRDA:2230,353,0,0
BRDA:2230,353,1,0
BRDA:2234,354,0,0
BRDA:2234,354,1,0
BRDA:2235,355,0,0
BRDA:2235,355,1,0
BRDA:2242,356,0,0
BRDA:2242,356,1,0
BRDA:2242,357,0,0
BRDA:2242,357,1,0
BRDA:2261,358,0,0
BRDA:2261,358,1,0
BRDA:2270,359,0,0
BRDA:2270,359,1,0
BRDA:2272,360,0,0
BRDA:2272,360,1,0
BRDA:2284,361,0,0
BRDA:2284,361,1,0
BRDA:2288,362,0,0
BRDA:2288,362,1,0
BRDA:2311,363,0,0
BRDA:2311,363,1,0
BRDA:2313,364,0,0
BRDA:2313,364,1,0
BRDA:2326,365,0,0
BRDA:2326,365,1,0
BRDA:2328,366,0,0
BRDA:2328,366,1,0
BRDA:2348,367,0,0
BRDA:2348,367,1,0
BRDA:2354,368,0,0
BRDA:2354,368,1,0
BRDA:2361,369,0,0
BRDA:2361,369,1,0
BRDA:2377,370,0,0
BRDA:2377,370,1,0
BRDA:2390,371,0,0
BRDA:2390,371,1,0
BRDA:2394,372,0,0
BRDA:2394,372,1,0
BRDA:2407,373,0,0
BRDA:2407,373,1,0
BRDA:2411,374,0,0
BRDA:2411,374,1,0
BRDA:2414,375,0,0
BRDA:2414,375,1,0
BRDA:2416,376,0,0
BRDA:2416,376,1,0
BRDA:2423,377,0,0
BRDA:2423,377,1,0
BRDA:2424,378,0,0
BRDA:2424,378,1,0
BRDA:2432,379,0,0
BRDA:2432,379,1,0
BRDA:2432,380,0,0
BRDA:2432,380,1,0
BRDA:2439,381,0,0
BRDA:2439,381,1,0
BRDA:2444,382,0,0
BRDA:2444,382,1,0
BRDA:2444,383,0,0
BRDA:2444,383,1,0
BRDA:2444,383,2,0
BRDA:2463,384,0,0
BRDA:2463,384,1,0
BRDA:2467,385,0,0
BRDA:2467,385,1,0
BRDA:2469,386,0,0
BRDA:2469,386,1,0
BRDA:2472,387,0,0
BRDA:2472,387,1,0
BRDA:2472,388,0,0
BRDA:2472,388,1,0
BRDA:2475,389,0,0
BRDA:2475,389,1,0
BRDA:2475,390,0,0
BRDA:2475,390,1,0
BRDA:2494,391,0,0
BRDA:2494,391,1,0
BRDA:2503,392,0,0
BRDA:2503,392,1,0
BRDA:2509,393,0,0
BRDA:2509,393,1,0
BRDA:2521,394,0,0
BRDA:2521,394,1,0
BRDA:2521,395,0,0
BRDA:2521,395,1,0
BRDA:2527,396,0,0
BRDA:2527,396,1,0
BRDA:2531,397,0,0
BRDA:2531,397,1,0
BRDA:2536,398,0,0
BRDA:2536,398,1,0
BRDA:2537,399,0,0
BRDA:2537,399,1,0
BRDA:2545,400,0,0
BRDA:2545,400,1,0
BRDA:2558,401,0,0
BRDA:2558,401,1,0
BRDA:2560,402,0,0
BRDA:2560,402,1,0
BRDA:2560,403,0,0
BRDA:2560,403,1,0
BRDA:2560,403,2,0
BRDA:2564,404,0,0
BRDA:2564,404,1,0
BRDA:2568,405,0,0
BRDA:2568,405,1,0
BRDA:2570,406,0,0
BRDA:2570,406,1,0
BRDA:2572,407,0,0
BRDA:2572,407,1,0
BRDA:2574,408,0,0
BRDA:2574,408,1,0
BRDA:2580,409,0,0
BRDA:2580,409,1,0
BRDA:2589,410,0,0
BRDA:2589,410,1,0
BRDA:2591,411,0,0
BRDA:2591,411,1,0
BRDA:2593,412,0,0
BRDA:2593,412,1,0
BRDA:2595,413,0,0
BRDA:2595,413,1,0
BRDA:2600,414,0,0
BRDA:2600,414,1,0
BRDA:2602,415,0,0
BRDA:2602,415,1,0
BRDA:2613,416,0,0
BRDA:2613,416,1,0
BRDA:2613,417,0,0
BRDA:2613,417,1,0
BRDA:2618,418,0,0
BRDA:2618,418,1,0
BRDA:2618,419,0,0
BRDA:2618,419,1,0
BRDA:2618,419,2,0
BRDA:2618,419,3,0
BRDA:2642,420,0,0
BRDA:2642,420,1,0
BRDA:2642,421,0,0
BRDA:2642,421,1,0
BRDA:2643,422,0,0
BRDA:2643,422,1,0
BRDA:2654,423,0,0
BRDA:2654,423,1,0
BRDA:2654,424,0,0
BRDA:2654,424,1,0
BRDA:2655,425,0,0
BRDA:2655,425,1,0
BRDA:2669,426,0,0
BRDA:2669,426,1,0
BRDA:2669,427,0,0
BRDA:2669,427,1,0
BRDA:2672,428,0,0
BRDA:2672,428,1,0
BRDA:2677,429,0,0
BRDA:2677,429,1,0
BRDA:2677,430,0,0
BRDA:2677,430,1,0
BRDA:2698,431,0,0
BRDA:2698,431,1,0
BRDA:2705,432,0,0
BRDA:2705,432,1,0
BRDA:2705,433,0,0
BRDA:2705,433,1,0
BRDA:2705,433,2,0
BRDA:2712,434,0,0
BRDA:2712,434,1,0
BRDA:2713,435,0,0
BRDA:2713,435,1,0
BRDA:2716,436,0,0
BRDA:2716,436,1,0
BRDA:2735,437,0,0
BRDA:2735,437,1,0
BRDA:2736,438,0,0
BRDA:2736,438,1,0
BRDA:2737,439,0,0
BRDA:2737,439,1,0
BRDA:2738,440,0,0
BRDA:2738,440,1,0
BRDA:2739,441,0,0
BRDA:2739,441,1,0
BRDA:2740,442,0,0
BRDA:2740,442,1,0
BRDA:2741,443,0,0
BRDA:2741,443,1,0
BRDA:2742,444,0,0
BRDA:2742,444,1,0
BRDA:2743,445,0,0
BRDA:2743,445,1,0
BRDA:2775,446,0,0
BRDA:2775,446,1,0
BRDA:2788,447,0,0
BRDA:2788,447,1,0
BRDA:2816,448,0,0
BRDA:2816,448,1,0
BRDA:2818,449,0,0
BRDA:2818,449,1,0
BRDA:2822,450,0,0
BRDA:2822,450,1,0
BRDA:2823,451,0,0
BRDA:2823,451,1,0
BRDA:2826,452,0,0
BRDA:2826,452,1,0
BRDA:2828,453,0,0
BRDA:2828,453,1,0
BRDA:2834,454,0,0
BRDA:2834,454,1,0
BRDA:2836,455,0,0
BRDA:2836,455,1,0
BRDA:2836,456,0,0
BRDA:2836,456,1,0
BRDA:2871,457,0,0
BRDA:2871,457,1,0
BRDA:2873,458,0,0
BRDA:2873,458,1,0
BRDA:2874,459,0,0
BRDA:2874,459,1,0
BRDA:2876,460,0,0
BRDA:2876,460,1,0
BRDA:2877,461,0,0
BRDA:2877,461,1,0
BRDA:2879,462,0,0
BRDA:2879,462,1,0
BRDA:2882,463,0,0
BRDA:2882,463,1,0
BRDA:2882,464,0,0
BRDA:2882,464,1,0
BRDA:2885,465,0,0
BRDA:2885,465,1,0
BRDA:2885,466,0,0
BRDA:2885,466,1,0
BRDA:2890,467,0,0
BRDA:2890,467,1,0
BRDA:2893,468,0,0
BRDA:2893,468,1,0
BRDA:2894,469,0,0
BRDA:2894,469,1,0
BRDA:2894,470,0,0
BRDA:2894,470,1,0
BRDA:2896,471,0,0
BRDA:2896,471,1,0
BRDA:2904,472,0,0
BRDA:2904,472,1,0
BRDA:2909,473,0,0
BRDA:2909,473,1,0
BRDA:2910,474,0,0
BRDA:2910,474,1,0
BRDA:2927,475,0,0
BRDA:2927,475,1,0
BRDA:2931,476,0,0
BRDA:2931,476,1,0
BRDA:2939,477,0,0
BRDA:2939,477,1,0
BRDA:2941,478,0,0
BRDA:2941,478,1,0
BRDA:2943,479,0,0
BRDA:2943,479,1,0
BRDA:2954,480,0,0
BRDA:2954,480,1,0
BRDA:2957,481,0,0
BRDA:2957,481,1,0
BRDA:2964,482,0,0
BRDA:2964,482,1,0
BRDA:2970,483,0,0
BRDA:2970,483,1,0
BRDA:2979,484,0,0
BRDA:2979,484,1,0
BRDA:2980,485,0,0
BRDA:2980,485,1,0
BRDA:2981,486,0,0
BRDA:2981,486,1,0
BRDA:2991,487,0,0
BRDA:2991,487,1,0
BRDA:2995,488,0,0
BRDA:2995,488,1,0
BRDA:2999,489,0,0
BRDA:2999,489,1,0
BRDA:2999,490,0,0
BRDA:2999,490,1,0
BRDA:3018,491,0,0
BRDA:3018,491,1,0
BRDA:3024,492,0,0
BRDA:3024,492,1,0
BRDA:3026,493,0,0
BRDA:3026,493,1,0
BRDA:3031,494,0,0
BRDA:3031,494,1,0
BRDA:3032,495,0,0
BRDA:3032,495,1,0
BRDA:3041,496,0,0
BRDA:3041,496,1,0
BRDA:3042,497,0,0
BRDA:3042,497,1,0
BRDA:3042,498,0,0
BRDA:3042,498,1,0
BRDA:3052,499,0,0
BRDA:3052,499,1,0
BRDA:3054,500,0,0
BRDA:3054,500,1,0
BRDA:3054,501,0,0
BRDA:3054,501,1,0
BRDA:3054,501,2,0
BRDA:3064,502,0,0
BRDA:3064,502,1,0
BRDA:3064,503,0,0
BRDA:3064,503,1,0
BRDA:3078,504,0,0
BRDA:3078,504,1,0
BRDA:3080,505,0,0
BRDA:3080,505,1,0
BRDA:3088,506,0,0
BRDA:3088,506,1,0
BRDA:3099,507,0,0
BRDA:3099,507,1,0
BRDA:3099,508,0,0
BRDA:3099,508,1,0
BRDA:3104,509,0,0
BRDA:3104,509,1,0
BRDA:3120,510,0,0
BRDA:3120,510,1,0
BRDA:3120,511,0,0
BRDA:3120,511,1,0
BRDA:3126,512,0,0
BRDA:3126,512,1,0
BRDA:3138,513,0,0
BRDA:3138,513,1,0
BRDA:3143,514,0,0
BRDA:3143,514,1,0
BRDA:3145,515,0,0
BRDA:3145,515,1,0
BRDA:3148,516,0,0
BRDA:3148,516,1,0
BRDA:3151,517,0,0
BRDA:3151,517,1,0
BRDA:3154,518,0,0
BRDA:3154,518,1,0
BRDA:3155,519,0,0
BRDA:3155,519,1,0
BRDA:3164,520,0,0
BRDA:3164,520,1,0
BRDA:3165,521,0,0
BRDA:3165,521,1,0
BRDA:3166,522,0,0
BRDA:3166,522,1,0
BRDA:3167,523,0,0
BRDA:3167,523,1,0
BRDA:3168,524,0,0
BRDA:3168,524,1,0
BRDA:3169,525,0,0
BRDA:3169,525,1,0
BRDA:3175,526,0,0
BRDA:3175,526,1,0
BRDA:3177,527,0,0
BRDA:3177,527,1,0
BRDA:3179,528,0,0
BRDA:3179,528,1,0
BRDA:3179,529,0,0
BRDA:3179,529,1,0
BRDA:3181,530,0,0
BRDA:3181,530,1,0
BRDA:3189,531,0,0
BRDA:3189,531,1,0
BRDA:3190,532,0,0
BRDA:3190,532,1,0
BRDA:3190,533,0,0
BRDA:3190,533,1,0
BRDA:3193,534,0,0
BRDA:3193,534,1,0
BRDA:3194,535,0,0
BRDA:3194,535,1,0
BRDA:3202,536,0,0
BRDA:3202,536,1,0
BRDA:3203,537,0,0
BRDA:3203,537,1,0
BRDA:3203,538,0,0
BRDA:3203,538,1,0
BRDA:3206,539,0,0
BRDA:3206,539,1,0
BRDA:3207,540,0,0
BRDA:3207,540,1,0
BRDA:3215,541,0,0
BRDA:3215,541,1,0
BRDA:3216,542,0,0
BRDA:3216,542,1,0
BRDA:3216,543,0,0
BRDA:3216,543,1,0
BRDA:3217,544,0,0
BRDA:3217,544,1,0
BRDA:3221,545,0,0
BRDA:3221,545,1,0
BRDA:3223,546,0,0
BRDA:3223,546,1,0
BRDA:3223,547,0,0
BRDA:3223,547,1,0
BRDA:3226,548,0,0
BRDA:3226,548,1,0
BRDA:3227,549,0,0
BRDA:3227,549,1,0
BRDA:3231,550,0,0
BRDA:3231,550,1,0
BRDA:3236,551,0,0
BRDA:3236,551,1,0
BRDA:3240,552,0,0
BRDA:3240,552,1,0
BRDA:3248,553,0,0
BRDA:3248,553,1,0
BRDA:3254,554,0,0
BRDA:3254,554,1,0
BRDA:3262,555,0,0
BRDA:3262,555,1,0
BRDA:3262,555,2,0
BRDA:3262,555,3,0
BRDA:3262,555,4,0
BRDA:3262,555,5,0
BRDA:3262,555,6,0
BRDA:3262,555,7,0
BRDA:3262,555,8,0
BRDA:3274,556,0,0
BRDA:3274,556,1,0
BRDA:3284,557,0,0
BRDA:3284,557,1,0
BRDA:3295,558,0,0
BRDA:3295,558,1,0
BRDA:3306,559,0,0
BRDA:3306,559,1,0
BRDA:3310,560,0,0
BRDA:3310,560,1,0
BRDA:3311,561,0,0
BRDA:3311,561,1,0
BRDA:3311,562,0,0
BRDA:3311,562,1,0
BRDA:3312,563,0,0
BRDA:3312,563,1,0
BRDA:3314,564,0,0
BRDA:3314,564,1,0
BRDA:3316,565,0,0
BRDA:3316,565,1,0
BRDA:3322,566,0,0
BRDA:3322,566,1,0
BRDA:3332,567,0,0
BRDA:3332,567,1,0
BRDA:3337,568,0,0
BRDA:3337,568,1,0
BRDA:3338,569,0,0
BRDA:3338,569,1,0
BRDA:3342,570,0,0
BRDA:3342,570,1,0
BRDA:3342,571,0,0
BRDA:3342,571,1,0
BRDA:3350,572,0,0
BRDA:3350,572,1,0
BRDA:3351,573,0,0
BRDA:3351,573,1,0
BRDA:3358,574,0,0
BRDA:3358,574,1,0
BRDA:3358,575,0,0
BRDA:3358,575,1,0
BRDA:3358,575,2,0
BRDA:3358,575,3,0
BRDA:3372,576,0,0
BRDA:3372,576,1,0
BRDA:3372,577,0,0
BRDA:3372,577,1,0
BRDA:3372,577,2,0
BRDA:3372,577,3,0
BRDA:3391,578,0,0
BRDA:3391,578,1,0
BRDA:3395,579,0,0
BRDA:3395,579,1,0
BRDA:3405,580,0,0
BRDA:3405,580,1,0
BRDA:3421,581,0,0
BRDA:3421,581,1,0
BRDA:3421,581,2,0
BRDA:3421,581,3,0
BRDA:3421,581,4,0
BRDA:3421,581,5,0
BRDA:3421,581,6,0
BRDA:3421,581,7,0
BRDA:3421,581,8,0
BRDA:3421,581,9,0
BRDA:3446,582,0,0
BRDA:3446,582,1,0
BRDA:3449,583,0,0
BRDA:3449,583,1,0
BRDA:3454,584,0,0
BRDA:3454,584,1,0
BRDA:3463,585,0,0
BRDA:3463,585,1,0
BRDA:3463,586,0,0
BRDA:3463,586,1,0
BRDA:3468,587,0,0
BRDA:3468,587,1,0
BRDA:3472,588,0,0
BRDA:3472,588,1,0
BRDA:3476,589,0,0
BRDA:3476,589,1,0
BRDA:3507,590,0,0
BRDA:3507,590,1,0
BRDA:3608,591,0,0
BRDA:3608,591,1,0
BRDA:3612,592,0,0
BRDA:3612,592,1,0
BRDA:3651,593,0,0
BRDA:3651,593,1,0
BRDA:3671,594,0,0
BRDA:3671,594,1,0
BRDA:3672,595,0,0
BRDA:3672,595,1,0
BRDA:3710,596,0,0
BRDA:3710,596,1,0
BRDA:3826,597,0,0
BRDA:3826,597,1,0
BRDA:3830,598,0,0
BRDA:3830,598,1,0
BRDA:3963,599,0,0
BRDA:3963,599,1,0
BRDA:3968,600,0,0
BRDA:3968,600,1,0
BRDA:3970,601,0,0
BRDA:3970,601,1,0
BRDA:3991,602,0,0
BRDA:3991,602,1,0
BRDA:3992,603,0,0
BRDA:3992,603,1,0
BRDA:3997,604,0,0
BRDA:3997,604,1,0
BRDA:4003,605,0,0
BRDA:4003,605,1,0
BRDA:4008,606,0,0
BRDA:4008,606,1,0
BRDA:4012,607,0,0
BRDA:4012,607,1,0
BRDA:4014,608,0,0
BRDA:4014,608,1,0
BRDA:4050,609,0,0
BRDA:4050,609,1,0
BRDA:4051,610,0,0
BRDA:4051,610,1,0
BRDA:4052,611,0,0
BRDA:4052,611,1,0
BRDA:4053,612,0,0
BRDA:4053,612,1,0
BRDA:4103,613,0,0
BRDA:4103,613,1,0
BRDA:4119,614,0,0
BRDA:4119,614,1,0
BRDA:4119,615,0,0
BRDA:4119,615,1,0
BRDA:4119,615,2,0
BRDA:4119,615,3,0
BRDA:4119,615,4,0
BRDA:4119,615,5,0
BRDA:4169,616,0,0
BRDA:4169,616,1,0
BRDA:4178,617,0,0
BRDA:4178,617,1,0
BRDA:4178,618,0,0
BRDA:4178,618,1,0
BRDA:4181,619,0,0
BRDA:4181,619,1,0
BRDA:4185,620,0,0
BRDA:4185,620,1,0
BRDA:4185,620,2,0
BRDA:4185,620,3,0
BRDA:4185,620,4,0
BRDA:4185,620,5,0
BRDA:4185,620,6,0
BRDA:4200,621,0,0
BRDA:4200,621,1,0
BRDA:4232,622,0,0
BRDA:4232,622,1,0
BRDA:4237,623,0,0
BRDA:4237,623,1,0
BRDA:4265,624,0,0
BRDA:4265,624,1,0
BRDA:4277,625,0,0
BRDA:4277,625,1,0
BRDA:4277,625,2,0
BRDA:4277,625,3,0
BRDA:4277,625,4,0
BRDA:4277,625,5,0
BRDA:4277,625,6,0
BRDA:4277,625,7,0
BRDA:4277,625,8,0
BRDA:4277,625,9,0
BRDA:4277,625,10,0
BRDA:4277,625,11,0
BRDA:4277,625,12,0
BRDA:4277,625,13,0
BRDA:4277,625,14,0
BRDA:4277,625,15,0
BRDA:4277,625,16,0
BRDA:4277,625,17,0
BRDA:4277,625,18,0
BRDA:4277,625,19,0
BRDA:4277,625,20,0
BRDA:4277,625,21,0
BRDA:4277,625,22,0
BRDA:4297,626,0,0
BRDA:4297,626,1,0
BRDA:4300,627,0,0
BRDA:4300,627,1,0
BRDA:4309,628,0,0
BRDA:4309,628,1,0
BRDA:4312,629,0,0
BRDA:4312,629,1,0
BRDA:4316,630,0,0
BRDA:4316,630,1,0
BRDA:4323,631,0,0
BRDA:4323,631,1,0
BRDA:4330,632,0,0
BRDA:4330,632,1,0
BRDA:4340,633,0,0
BRDA:4340,633,1,0
BRDA:4351,634,0,0
BRDA:4351,634,1,0
BRDA:4377,635,0,0
BRDA:4377,635,1,0
BRDA:4380,636,0,0
BRDA:4380,636,1,0
BRDA:4386,637,0,0
BRDA:4386,637,1,0
BRDA:4387,638,0,0
BRDA:4387,638,1,0
BRDA:4388,639,0,0
BRDA:4388,639,1,0
BRDA:4389,640,0,0
BRDA:4389,640,1,0
BRDA:4392,641,0,0
BRDA:4392,641,1,0
BRDA:4393,642,0,0
BRDA:4393,642,1,0
BRDA:4394,643,0,0
BRDA:4394,643,1,0
BRDA:4395,644,0,0
BRDA:4395,644,1,0
BRDA:4395,645,0,0
BRDA:4395,645,1,0
BRDA:4395,645,2,0
BRDA:4396,646,0,0
BRDA:4396,646,1,0
BRDA:4397,647,0,0
BRDA:4397,647,1,0
BRDA:4398,648,0,0
BRDA:4398,648,1,0
BRF:1397
BRH:0
end_of_record
TN:
SF:/Users/katmel98/devel/@training/nodejs/node-chat-app/public/js/libs/mustache.js
FN:8,defineMustache
FN:17,mustacheFactory
FN:20,isArrayPolyfill
FN:24,isFunction
FN:32,typeStr
FN:36,escapeRegExp
FN:44,hasProperty
FN:51,testRegExp
FN:56,isWhitespace
FN:71,escapeHtml
FN:72,fromEntityMap
FN:105,parseTemplate
FN:117,stripSpace
FN:130,compileTags
FN:235,squashTokens
FN:262,nestTokens
FN:295,Scanner
FN:304,eos
FN:312,scan
FN:330,scanUntil
FN:355,Context
FN:365,push
FN:373,lookup
FN:430,Writer
FN:437,clearCache
FN:445,parse
FN:464,render
FN:479,renderTokens
FN:502,renderSection
FN:509,subRender
FN:536,renderInverted
FN:545,renderPartial
FN:553,unescapedValue
FN:559,escapedValue
FN:565,rawValue
FN:579,clearCache
FN:588,parse
FN:596,render
FN:608,to_html
FNF:39
FNH:0
FNDA:0,defineMustache
FNDA:0,mustacheFactory
FNDA:0,isArrayPolyfill
FNDA:0,isFunction
FNDA:0,typeStr
FNDA:0,escapeRegExp
FNDA:0,hasProperty
FNDA:0,testRegExp
FNDA:0,isWhitespace
FNDA:0,escapeHtml
FNDA:0,fromEntityMap
FNDA:0,parseTemplate
FNDA:0,stripSpace
FNDA:0,compileTags
FNDA:0,squashTokens
FNDA:0,nestTokens
FNDA:0,Scanner
FNDA:0,eos
FNDA:0,scan
FNDA:0,scanUntil
FNDA:0,Context
FNDA:0,push
FNDA:0,lookup
FNDA:0,Writer
FNDA:0,clearCache
FNDA:0,parse
FNDA:0,render
FNDA:0,renderTokens
FNDA:0,renderSection
FNDA:0,subRender
FNDA:0,renderInverted
FNDA:0,renderPartial
FNDA:0,unescapedValue
FNDA:0,escapedValue
FNDA:0,rawValue
FNDA:0,clearCache
FNDA:0,parse
FNDA:0,render
FNDA:0,to_html
DA:8,0
DA:9,0
DA:10,0
DA:11,0
DA:12,0
DA:14,0
DA:15,0
DA:19,0
DA:20,0
DA:21,0
DA:25,0
DA:33,0
DA:37,0
DA:45,0
DA:50,0
DA:52,0
DA:55,0
DA:57,0
DA:60,0
DA:72,0
DA:73,0
DA:77,0
DA:78,0
DA:79,0
DA:80,0
DA:81,0
DA:106,0
DA:107,0
DA:109,0
DA:110,0
DA:111,0
DA:112,0
DA:113,0
DA:118,0
DA:119,0
DA:120,0
DA:122,0
DA:125,0
DA:126,0
DA:131,0
DA:132,0
DA:134,0
DA:135,0
DA:137,0
DA:138,0
DA:139,0
DA:142,0
DA:144,0
DA:147,0
DA:148,0
DA:151,0
DA:153,0
DA:154,0
DA:155,0
DA:157,0
DA:158,0
DA:160,0
DA:163,0
DA:164,0
DA:167,0
DA:168,0
DA:173,0
DA:174,0
DA:176,0
DA:179,0
DA:180,0
DA:183,0
DA:184,0
DA:185,0
DA:186,0
DA:187,0
DA:188,0
DA:189,0
DA:190,0
DA:191,0
DA:193,0
DA:197,0
DA:198,0
DA:200,0
DA:201,0
DA:203,0
DA:204,0
DA:205,0
DA:207,0
DA:209,0
DA:210,0
DA:212,0
DA:213,0
DA:214,0
DA:215,0
DA:216,0
DA:218,0
DA:223,0
DA:225,0
DA:226,0
DA:228,0
DA:236,0
DA:239,0
DA:240,0
DA:242,0
DA:243,0
DA:244,0
DA:245,0
DA:247,0
DA:248,0
DA:253,0
DA:263,0
DA:264,0
DA:265,0
DA:268,0
DA:269,0
DA:271,0
DA:274,0
DA:275,0
DA:276,0
DA:277,0
DA:279,0
DA:280,0
DA:281,0
DA:282,0
DA:284,0
DA:288,0
DA:296,0
DA:297,0
DA:298,0
DA:304,0
DA:305,0
DA:312,0
DA:313,0
DA:315,0
DA:316,0
DA:318,0
DA:320,0
DA:321,0
DA:323,0
DA:330,0
DA:331,0
DA:333,0
DA:335,0
DA:336,0
DA:337,0
DA:339,0
DA:340,0
DA:342,0
DA:343,0
DA:346,0
DA:348,0
DA:356,0
DA:357,0
DA:358,0
DA:365,0
DA:366,0
DA:373,0
DA:374,0
DA:377,0
DA:378,0
DA:380,0
DA:382,0
DA:383,0
DA:384,0
DA:385,0
DA:386,0
DA:399,0
DA:400,0
DA:401,0
DA:403,0
DA:406,0
DA:407,0
DA:410,0
DA:411,0
DA:413,0
DA:416,0
DA:419,0
DA:420,0
DA:422,0
DA:431,0
DA:437,0
DA:438,0
DA:445,0
DA:446,0
DA:447,0
DA:449,0
DA:450,0
DA:452,0
DA:464,0
DA:465,0
DA:466,0
DA:467,0
DA:479,0
DA:480,0
DA:483,0
DA:484,0
DA:485,0
DA:486,0
DA:488,0
DA:489,0
DA:490,0
DA:491,0
DA:492,0
DA:493,0
DA:495,0
DA:496,0
DA:499,0
DA:502,0
DA:503,0
DA:504,0
DA:505,0
DA:510,0
DA:513,0
DA:515,0
DA:516,0
DA:517,0
DA:519,0
DA:520,0
DA:521,0
DA:522,0
DA:523,0
DA:526,0
DA:528,0
DA:529,0
DA:531,0
DA:533,0
DA:536,0
DA:537,0
DA:541,0
DA:542,0
DA:545,0
DA:546,0
DA:548,0
DA:549,0
DA:550,0
DA:553,0
DA:554,0
DA:555,0
DA:556,0
DA:559,0
DA:560,0
DA:561,0
DA:562,0
DA:565,0
DA:566,0
DA:569,0
DA:570,0
DA:571,0
DA:574,0
DA:579,0
DA:580,0
DA:588,0
DA:589,0
DA:596,0
DA:597,0
DA:598,0
DA:603,0
DA:608,0
DA:611,0
DA:613,0
DA:614,0
DA:616,0
DA:622,0
DA:625,0
DA:626,0
DA:627,0
DA:629,0
LF:263
LH:0
BRDA:9,0,0,0
BRDA:9,0,1,0
BRDA:9,1,0,0
BRDA:9,1,1,0
BRDA:9,1,2,0
BRDA:11,2,0,0
BRDA:11,2,1,0
BRDA:11,3,0,0
BRDA:11,3,1,0
BRDA:20,4,0,0
BRDA:20,4,1,0
BRDA:33,5,0,0
BRDA:33,5,1,0
BRDA:45,6,0,0
BRDA:45,6,1,0
BRDA:45,6,2,0
BRDA:106,7,0,0
BRDA:106,7,1,0
BRDA:118,8,0,0
BRDA:118,8,1,0
BRDA:118,9,0,0
BRDA:118,9,1,0
BRDA:131,10,0,0
BRDA:131,10,1,0
BRDA:134,11,0,0
BRDA:134,11,1,0
BRDA:134,12,0,0
BRDA:134,12,1,0
BRDA:142,13,0,0
BRDA:142,13,1,0
BRDA:153,14,0,0
BRDA:153,14,1,0
BRDA:157,15,0,0
BRDA:157,15,1,0
BRDA:167,16,0,0
BRDA:167,16,1,0
BRDA:173,17,0,0
BRDA:173,17,1,0
BRDA:179,18,0,0
BRDA:179,18,1,0
BRDA:183,19,0,0
BRDA:183,19,1,0
BRDA:187,20,0,0
BRDA:187,20,1,0
BRDA:197,21,0,0
BRDA:197,21,1,0
BRDA:203,22,0,0
BRDA:203,22,1,0
BRDA:203,23,0,0
BRDA:203,23,1,0
BRDA:205,24,0,0
BRDA:205,24,1,0
BRDA:209,25,0,0
BRDA:209,25,1,0
BRDA:212,26,0,0
BRDA:212,26,1,0
BRDA:214,27,0,0
BRDA:214,27,1,0
BRDA:214,28,0,0
BRDA:214,28,1,0
BRDA:214,28,2,0
BRDA:216,29,0,0
BRDA:216,29,1,0
BRDA:225,30,0,0
BRDA:225,30,1,0
BRDA:242,31,0,0
BRDA:242,31,1,0
BRDA:243,32,0,0
BRDA:243,32,1,0
BRDA:243,33,0,0
BRDA:243,33,1,0
BRDA:243,33,2,0
BRDA:271,34,0,0
BRDA:271,34,1,0
BRDA:271,34,2,0
BRDA:271,34,3,0
BRDA:281,35,0,0
BRDA:281,35,1,0
BRDA:315,36,0,0
BRDA:315,36,1,0
BRDA:315,37,0,0
BRDA:315,37,1,0
BRDA:333,38,0,0
BRDA:333,38,1,0
BRDA:333,38,2,0
BRDA:377,39,0,0
BRDA:377,39,1,0
BRDA:383,40,0,0
BRDA:383,40,1,0
BRDA:399,41,0,0
BRDA:399,41,1,0
BRDA:400,42,0,0
BRDA:400,42,1,0
BRDA:410,43,0,0
BRDA:410,43,1,0
BRDA:419,44,0,0
BRDA:419,44,1,0
BRDA:449,45,0,0
BRDA:449,45,1,0
BRDA:450,46,0,0
BRDA:450,46,1,0
BRDA:466,47,0,0
BRDA:466,47,1,0
BRDA:488,48,0,0
BRDA:488,48,1,0
BRDA:489,49,0,0
BRDA:489,49,1,0
BRDA:490,50,0,0
BRDA:490,50,1,0
BRDA:491,51,0,0
BRDA:491,51,1,0
BRDA:492,52,0,0
BRDA:492,52,1,0
BRDA:493,53,0,0
BRDA:493,53,1,0
BRDA:495,54,0,0
BRDA:495,54,1,0
BRDA:513,55,0,0
BRDA:513,55,1,0
BRDA:515,56,0,0
BRDA:515,56,1,0
BRDA:519,57,0,0
BRDA:519,57,1,0
BRDA:519,58,0,0
BRDA:519,58,1,0
BRDA:519,58,2,0
BRDA:521,59,0,0
BRDA:521,59,1,0
BRDA:522,60,0,0
BRDA:522,60,1,0
BRDA:528,61,0,0
BRDA:528,61,1,0
BRDA:541,62,0,0
BRDA:541,62,1,0
BRDA:541,63,0,0
BRDA:541,63,1,0
BRDA:541,63,2,0
BRDA:546,64,0,0
BRDA:546,64,1,0
BRDA:548,65,0,0
BRDA:548,65,1,0
BRDA:549,66,0,0
BRDA:549,66,1,0
BRDA:555,67,0,0
BRDA:555,67,1,0
BRDA:561,68,0,0
BRDA:561,68,1,0
BRDA:597,69,0,0
BRDA:597,69,1,0
BRDA:613,70,0,0
BRDA:613,70,1,0
BRF:151
BRH:0
end_of_record
TN:
SF:/Users/katmel98/devel/@training/nodejs/node-chat-app/server/server.js
FN:18,(anonymous_0)
FN:22,(anonymous_1)
FN:40,(anonymous_2)
FN:46,(anonymous_3)
FN:50,(anonymous_4)
FN:62,(anonymous_5)
FNF:6
FNH:0
FNDA:0,(anonymous_0)
FNDA:0,(anonymous_1)
FNDA:0,(anonymous_2)
FNDA:0,(anonymous_3)
FNDA:0,(anonymous_4)
FNDA:0,(anonymous_5)
DA:1,0
DA:2,0
DA:3,0
DA:4,0
DA:6,0
DA:7,0
DA:8,0
DA:9,0
DA:10,0
DA:11,0
DA:12,0
DA:13,0
DA:14,0
DA:16,0
DA:18,0
DA:19,0
DA:22,0
DA:23,0
DA:24,0
DA:27,0
DA:28,0
DA:29,0
DA:31,0
DA:33,0
DA:34,0
DA:36,0
DA:40,0
DA:41,0
DA:42,0
DA:43,0
DA:46,0
DA:47,0
DA:50,0
DA:51,0
DA:53,0
DA:54,0
DA:55,0
DA:62,0
DA:63,0
LF:39
LH:0
BRDA:10,0,0,0
BRDA:10,0,1,0
BRDA:23,1,0,0
BRDA:23,1,1,0
BRDA:23,2,0,0
BRDA:23,2,1,0
BRDA:53,3,0,0
BRDA:53,3,1,0
BRF:8
BRH:0
end_of_record
TN:
SF:/Users/katmel98/devel/@training/nodejs/node-chat-app/server/utils/message.js
FN:3,(anonymous_0)
FN:11,(anonymous_1)
FNF:2
FNH:0
FNDA:0,(anonymous_0)
FNDA:0,(anonymous_1)
DA:1,0
DA:3,0
DA:4,0
DA:11,0
DA:12,0
DA:19,0
LF:6
LH:0
BRF:0
BRH:0
end_of_record
TN:
SF:/Users/katmel98/devel/@training/nodejs/node-chat-app/server/utils/users.js
FN:13,(anonymous_0)
FN:16,(anonymous_1)
FN:22,(anonymous_2)
FN:27,(anonymous_3)
FN:33,(anonymous_4)
FN:34,(anonymous_5)
FN:37,(anonymous_6)
FN:38,(anonymous_7)
FN:39,(anonymous_8)
FNF:9
FNH:0
FNDA:0,(anonymous_0)
FNDA:0,(anonymous_1)
FNDA:0,(anonymous_2)
FNDA:0,(anonymous_3)
FNDA:0,(anonymous_4)
FNDA:0,(anonymous_5)
FNDA:0,(anonymous_6)
FNDA:0,(anonymous_7)
FNDA:0,(anonymous_8)
DA:1,0
DA:14,0
DA:17,0
DA:18,0
DA:20,0
DA:24,0
DA:26,0
DA:27,0
DA:30,0
DA:34,0
DA:38,0
DA:39,0
DA:41,0
DA:45,0
LF:14
LH:0
BRDA:26,0,0,0
BRDA:26,0,1,0
BRF:2
BRH:0
end_of_record
TN:
SF:/Users/katmel98/devel/@training/nodejs/node-chat-app/server/utils/validation.js
FN:1,(anonymous_0)
FNF:1
FNH:0
FNDA:0,(anonymous_0)
DA:1,0
DA:2,0
DA:5,0
LF:3
LH:0
BRDA:2,0,0,0
BRDA:2,0,1,0
BRF:2
BRH:0
end_of_record
